<?xml version="1.0" ?>
<testsuite errors="1" failures="1" name="tuqquery.flex_index_phase1.FlexIndexTests" skip="0" tests="1" time="232.44521188735962">
	<testcase name="tuqquery.flex_index_phase1.FlexIndexTests.test_flex_default_typemapping,scan_consistency:NOT_BOUNDED,skip_load:True,items:1000,bucket_size:200,cluster:D,D+F,F,index_type:scorch,fts_quota:750,custom_map_add_non_indexed_fields:False,text_analyzer:keyword,use_index_name_in_query:False,flex_query_option:flex_use_fts_gsi_query,flex_dataset:default,ini:test.ini,cluster_name:test,spec:test,conf_file:test.conf,get-cbcollect-info:False,get-logs:False,stop-on-failure:False,num_nodes:3,case_number:1,logs_folder:/Users/girishbenakappa/IdeaProjects/testrunner/logs/testrunner-20-May-07_23-51-18/test_1" time="232.44521188735962">
		<error type="membase.error">['Traceback (most recent call last):\n  File &quot;pytests/tuqquery/flex_index_phase1.py&quot;, line 456, in test_flex_default_typemapping\n    .format(failed_to_run_query, not_found_index_in_response, result_mismatch))\nAssertionError: Found queries not runnable: [] or required index not found in the query resonse: [25, 26, 27, 49, 50, 51, 52, 63, 64, 66, 68, 70, 78, 79] or flex query and gsi query results not matching: [1, 3, 4, 6, 7, 8, 9, 10, 14, 16, 17, 18, 19, 20, 33, 36, 42, 43, 44, 45, 46, 47, 65, 67, 69, 71, 77, 80, 81]\n']</error>
	</testcase>
</testsuite>
