<?xml version="1.0" ?>
<testsuite errors="1" failures="1" name="fts.stable_topology_fts.StableTopFTS" skip="0" tests="1" time="125.470778942">
	<testcase name="fts.stable_topology_fts.StableTopFTS.test_geo_query,doc-per-day:1,GROUP:P1,skip-cleanup:True,fts_quota:750,cluster:D+F,stop-on-failure:False,ini:test.ini,case_number:1,get-logs:False,logs_folder:/Users/girishbenakappa/IdeaProjects/testrunner/logs/testrunner-19-Sep-15_20-36-34/test_1,num_queries:100,compare_es:True,run_via_n1ql:True,items:1000,spec:test,conf_file:test.conf,num_nodes:2,cluster_name:test,index_type:scorch,fail-on-errors:False,scan_consistency:NOT_BOUNDED,get-cbcollect-info:False,bucket_size:200" time="125.470778942">
		<error type="membase.error">['Traceback (most recent call last):\n  File &quot;pytests/fts/stable_topology_fts.py&quot;, line 1750, in test_geo_query\n    self.run_query_and_compare(geo_index, n1ql_executor=n1ql_executor)\n  File &quot;pytests/fts/fts_base.py&quot;, line 4310, in run_query_and_compare\n    task.result()\n  File &quot;lib/tasks/future.py&quot;, line 153, in result\n    return self.__get_result()\n  File &quot;lib/tasks/future.py&quot;, line 112, in __get_result\n    raise self._exception\nFTSException: No node in the cluster has \'n1ql\' service enabled\n']</error>
	</testcase>
</testsuite>
