<?xml version="1.0" ?>
<testsuite errors="2" failures="2" name="tuqquery.flex_index_phase1.FlexIndexTests" skip="0" tests="2" time="0.4965188503265381">
	<testcase name="tuqquery.flex_index_phase1.FlexIndexTests.test_flex_single_typemapping_comp_ops,test_name:fts_index_exists,GROUP:PS,get-logs:False,stop-on-failure:False,doc-per-day:6,bucket_size:200,scan_consistency:NOT_BOUNDED,skip_load:True,items:1000,custom_map:True,get-cbcollect-info:False,disable_HTP:True,cluster:D+F,index_type:scorch,fts_quota:750,custom_map_add_non_indexed_fields:False,text_analyzer:keyword,ini:test.ini,cluster_name:test,spec:test,conf_file:test.conf,num_nodes:1,case_number:1,logs_folder:/Users/girishbenakappa/IdeaProjects/testrunner/logs/testrunner-20-Apr-23_11-25-52/test_1" time="0.44828271865844727">
		<error type="membase.error">['ImportError: Failed to import test module: flex_index_phase1\nTraceback (most recent call last):\n  File &quot;/Library/Frameworks/Python.framework/Versions/3.7/lib/python3.7/unittest/loader.py&quot;, line 154, in loadTestsFromName\n    module = __import__(module_name)\n  File &quot;pytests/tuqquery/flex_index_phase1.py&quot;, line 4, in &lt;module&gt;\n    from pytests.fts.fts_base import CouchbaseCluster\n  File &quot;./pytests/fts/fts_base.py&quot;, line 37, in &lt;module&gt;\n    from .random_query_generator.rand_query_gen import FTSESQueryGenerator\n  File &quot;./pytests/fts/random_query_generator/rand_query_gen.py&quot;, line 5, in &lt;module&gt;\n    from emp_querables import EmployeeQuerables\nModuleNotFoundError: No module named \'emp_querables\'\n\n']</error>
	</testcase>
	<testcase name="tuqquery.flex_index_phase1.FlexIndexTests.test_flex_single_typemapping_comp_ops,test_name:fts_index_exists,GROUP:PS,get-logs:False,stop-on-failure:False,doc-per-day:6,bucket_size:200,scan_consistency:NOT_BOUNDED,skip_load:True,items:1000,custom_map:True,get-cbcollect-info:False,disable_HTP:True,cluster:D+F,index_type:scorch,fts_quota:750,custom_map_add_non_indexed_fields:False,text_analyzer:keyword,cm_id:1,ini:test.ini,cluster_name:test,spec:test,conf_file:test.conf,num_nodes:1,case_number:2,logs_folder:/Users/girishbenakappa/IdeaProjects/testrunner/logs/testrunner-20-Apr-23_11-25-52/test_2" time="0.04823613166809082">
		<error type="membase.error">['ImportError: Failed to import test module: flex_index_phase1\nTraceback (most recent call last):\n  File &quot;/Library/Frameworks/Python.framework/Versions/3.7/lib/python3.7/unittest/loader.py&quot;, line 154, in loadTestsFromName\n    module = __import__(module_name)\n  File &quot;pytests/tuqquery/flex_index_phase1.py&quot;, line 4, in &lt;module&gt;\n    from pytests.fts.fts_base import CouchbaseCluster\n  File &quot;./pytests/fts/fts_base.py&quot;, line 37, in &lt;module&gt;\n    from .random_query_generator.rand_query_gen import FTSESQueryGenerator\n  File &quot;./pytests/fts/random_query_generator/rand_query_gen.py&quot;, line 5, in &lt;module&gt;\n    from emp_querables import EmployeeQuerables\nModuleNotFoundError: No module named \'emp_querables\'\n\n']</error>
	</testcase>
</testsuite>
