<?xml version="1.0" ?>
<testsuite errors="4" failures="4" name="tuqquery.flex_index_phase1.FlexIndexTests" skip="0" tests="4" time="262.3695948123932">
	<testcase name="tuqquery.flex_index_phase1.FlexIndexTests.test_flex_single_typemapping_comp_ops,test_name:fts_index_exists,GROUP:PS,get-logs:False,stop-on-failure:False,doc-per-day:6,bucket_size:200,scan_consistency:NOT_BOUNDED,skip_load:True,items:1000,custom_map:True,get-cbcollect-info:False,disable_HTP:True,cluster:D+F,index_type:scorch,fts_quota:750,custom_map_add_non_indexed_fields:False,text_analyzer:keyword,ini:test.ini,cluster_name:test,spec:test,conf_file:test.conf,num_nodes:4,case_number:1,logs_folder:/Users/girishbenakappa/IdeaProjects/testrunner/logs/testrunner-20-Apr-24_13-12-16/test_1" time="139.89892721176147">
		<error type="membase.error">['Traceback (most recent call last):\n  File &quot;pytests/tuqquery/flex_index_phase1.py&quot;, line 204, in test_flex_single_typemapping_comp_ops\n    .format(failed_to_run_query, not_found_index_in_response, result_mismatch))\nAssertionError: Found queries not runnable: [5, 6, 7, 8, 9] or required index not found in the query resonse: [24, 41] or flex query and gsi query results not matching: [13, 14, 15, 16, 17, 18, 26, 27, 28, 34, 35, 36, 37, 38, 42, 44, 45, 47, 49]\n']</error>
	</testcase>
	<testcase name="tuqquery.flex_index_phase1.FlexIndexTests.test_flex_single_typemapping_comp_ops,test_name:fts_index_exists,GROUP:PS,get-logs:False,stop-on-failure:False,doc-per-day:6,bucket_size:200,scan_consistency:NOT_BOUNDED,skip_load:True,items:1000,custom_map:True,get-cbcollect-info:False,disable_HTP:True,cluster:D+F,index_type:scorch,fts_quota:750,custom_map_add_non_indexed_fields:False,text_analyzer:keyword,cm_id:1,ini:test.ini,cluster_name:test,spec:test,conf_file:test.conf,num_nodes:4,case_number:2,logs_folder:/Users/girishbenakappa/IdeaProjects/testrunner/logs/testrunner-20-Apr-24_13-12-16/test_2" time="36.47868585586548">
		<error type="membase.error">['Traceback (most recent call last):\n  File &quot;pytests/tuqquery/flex_index_phase1.py&quot;, line 204, in test_flex_single_typemapping_comp_ops\n    .format(failed_to_run_query, not_found_index_in_response, result_mismatch))\nAssertionError: Found queries not runnable: [5, 6, 7, 8, 9] or required index not found in the query resonse: [] or flex query and gsi query results not matching: [1, 2, 3, 4, 10, 11, 12, 13, 14, 20, 21, 22, 23, 24, 25, 26, 27, 28]\n']</error>
	</testcase>
	<testcase name="tuqquery.flex_index_phase1.FlexIndexTests.test_flex_single_typemapping_comp_ops,test_name:fts_index_exists,GROUP:PS,get-logs:False,stop-on-failure:False,doc-per-day:6,bucket_size:200,scan_consistency:NOT_BOUNDED,skip_load:True,items:1000,custom_map:True,get-cbcollect-info:False,disable_HTP:True,cluster:D+F,index_type:scorch,fts_quota:750,custom_map_add_non_indexed_fields:False,text_analyzer:keyword,cm_id:2,ini:test.ini,cluster_name:test,spec:test,conf_file:test.conf,num_nodes:4,case_number:3,logs_folder:/Users/girishbenakappa/IdeaProjects/testrunner/logs/testrunner-20-Apr-24_13-12-16/test_3" time="33.25572395324707">
		<error type="membase.error">['Traceback (most recent call last):\n  File &quot;pytests/tuqquery/flex_index_phase1.py&quot;, line 204, in test_flex_single_typemapping_comp_ops\n    .format(failed_to_run_query, not_found_index_in_response, result_mismatch))\nAssertionError: Found queries not runnable: [] or required index not found in the query resonse: [1] or flex query and gsi query results not matching: [4, 5, 6, 7, 8, 9, 17, 18, 19]\n']</error>
	</testcase>
	<testcase name="tuqquery.flex_index_phase1.FlexIndexTests.test_flex_single_typemapping_comp_ops,test_name:fts_index_exists,GROUP:PS,get-logs:False,stop-on-failure:False,doc-per-day:6,bucket_size:200,scan_consistency:NOT_BOUNDED,skip_load:True,items:1000,custom_map:True,get-cbcollect-info:False,disable_HTP:True,cluster:D+F,index_type:scorch,fts_quota:750,custom_map_add_non_indexed_fields:False,text_analyzer:keyword,cm_id:3,ini:test.ini,cluster_name:test,spec:test,conf_file:test.conf,num_nodes:4,case_number:4,logs_folder:/Users/girishbenakappa/IdeaProjects/testrunner/logs/testrunner-20-Apr-24_13-12-16/test_4" time="52.736257791519165">
		<error type="membase.error">['Traceback (most recent call last):\n  File &quot;pytests/tuqquery/flex_index_phase1.py&quot;, line 204, in test_flex_single_typemapping_comp_ops\n    .format(failed_to_run_query, not_found_index_in_response, result_mismatch))\nAssertionError: Found queries not runnable: [] or required index not found in the query resonse: [25, 26, 27, 28, 29] or flex query and gsi query results not matching: [1, 2, 3, 4, 5, 6, 7, 8, 9]\n']</error>
	</testcase>
</testsuite>
