<?xml version="1.0" ?>
<testsuite errors="1" failures="1" name="tuqquery.n1ql_fts_integration.N1qlFTSIntegrationTest" skip="0" tests="1" time="265.040702105">
	<testcase name="tuqquery.n1ql_fts_integration.N1qlFTSIntegrationTest.test_n1ql_syntax,doc-per-day:1,GROUP:P1,case_number:1,spec:test,reset_services:True,num_nodes:2,cluster_name:test,services_init:kv:index:n1ql-index:n1ql:fts,conf_file:test.conf,test_name:select_term,get-logs:False,stop-on-failure:False,scan_consistency:NOT_BOUNDED,logs_folder:/Users/girishbenakappa/IdeaProjects/testrunner/logs/testrunner-19-Aug-12_15-57-05/test_1,bucket_size:200,nodes_init:2,ini:test.ini" time="265.040702105">
		<error type="membase.error">['Traceback (most recent call last):\n  File &quot;pytests/tuqquery/n1ql_fts_integration.py&quot;, line 270, in setUp\n    self._load_test_data(number_of_records=self.test_bucket_size)\n  File &quot;pytests/tuqquery/n1ql_fts_integration.py&quot;, line 723, in _load_test_data\n    self.run_cbq_query(initial_statement)\n  File &quot;pytests/tuqquery/tuq.py&quot;, line 1078, in run_cbq_query\n    raise CBQError(result, server.ip)\nCBQError: CBQError: host 192.168.10.11: ERROR:{u\'status\': u\'errors\', u\'errors\': [{u\'msg\': u\'DML Error, possible causes include CAS mismatch or concurrent modificationFailed to perform insert - cause: Key primary_key_0 - cause: unable to complete action after 2 attemps\', u\'code\': 12009}], u\'results\': [], u\'metrics\': {u\'elapsedTime\': u\'158.748388ms\', u\'executionTime\': u\'158.726469ms\', u\'resultSize\': 0, u\'resultCount\': 0, u\'errorCount\': 1}, u\'requestID\': u\'7f6de1ea-9af6-4af8-a437-15a52260f640\', u\'signature\': None}\n']</error>
	</testcase>
</testsuite>
