<?xml version="1.0" ?>
<testsuite errors="1" failures="1" name="tuqquery.flex_index_phase1.FlexIndexTests" skip="0" tests="1" time="166.1870620250702">
	<testcase name="tuqquery.flex_index_phase1.FlexIndexTests.test_flex_single_typemapping_partial_sargability,GROUP:PS,get-logs:False,stop-on-failure:False,doc-per-day:6,bucket_size:200,scan_consistency:NOT_BOUNDED,skip_load:True,items:1000,custom_map:True,get-cbcollect-info:False,disable_HTP:True,cluster:D+F,index_type:scorch,fts_quota:750,custom_map_add_non_indexed_fields:False,text_analyzer:keyword,use_index_name_in_query:False,ini:test.ini,cluster_name:test,spec:test,conf_file:test.conf,num_nodes:4,case_number:1,logs_folder:/Users/girishbenakappa/IdeaProjects/testrunner/logs/testrunner-20-Apr-28_18-04-46/test_1" time="166.1870620250702">
		<error type="membase.error">['Traceback (most recent call last):\n  File &quot;pytests/tuqquery/flex_index_phase1.py&quot;, line 326, in test_flex_single_typemapping_partial_sargability\nAssertionError: Found queries not runnable: [29, 32, 49, 50, 51, 52, 53] or required index not found in the query resonse: [2, 4, 5, 15, 17, 18, 19, 28, 30, 31, 33, 59, 60, 61, 62, 63, 66, 67, 68] or flex query and gsi query results not matching: [3, 6, 10, 11, 12, 13, 16, 23, 24, 25, 35, 39, 40, 41, 42, 43, 54, 55, 56, 57, 58, 69, 70, 71, 72, 73]\n']</error>
	</testcase>
</testsuite>
