<?xml version="1.0" ?>
<testsuite errors="16" failures="16" name="tuqquery.flex_index_phase1.FlexIndexTests" skip="0" tests="16" time="4644.573089361191">
	<testcase name="tuqquery.flex_index_phase1.FlexIndexTests.test_flex_single_typemapping_comp_ops,test_name:fts_index_exists,GROUP:PS,get-logs:False,stop-on-failure:False,doc-per-day:6,bucket_size:200,scan_consistency:NOT_BOUNDED,skip_load:True,items:1000,custom_map:True,get-cbcollect-info:False,disable_HTP:True,cluster:D+F,index_type:scorch,fts_quota:750,custom_map_add_non_indexed_fields:False,text_analyzer:keyword,cm_id:4,ini:test.ini,cluster_name:test,spec:test,conf_file:test.conf,num_nodes:4,case_number:1,logs_folder:/Users/girishbenakappa/IdeaProjects/testrunner/logs/testrunner-20-Apr-24_13-57-19/test_1" time="93.44208407402039">
		<error type="membase.error">['Traceback (most recent call last):\n  File &quot;pytests/tuqquery/flex_index_phase1.py&quot;, line 204, in test_flex_single_typemapping_comp_ops\n    .format(failed_to_run_query, not_found_index_in_response, result_mismatch))\nAssertionError: Found queries not runnable: [1, 2, 3, 4, 5] or required index not found in the query resonse: [26] or flex query and gsi query results not matching: [11, 12, 13, 14, 15, 17, 18, 19, 21, 22, 23, 27, 28, 29, 30, 31, 32, 33, 34, 36]\n']</error>
	</testcase>
	<testcase name="tuqquery.flex_index_phase1.FlexIndexTests.test_flex_single_typemapping_comp_ops,test_name:fts_index_exists,GROUP:PS,get-logs:False,stop-on-failure:False,doc-per-day:6,bucket_size:200,scan_consistency:NOT_BOUNDED,skip_load:True,items:1000,custom_map:True,get-cbcollect-info:False,disable_HTP:True,cluster:D+F,index_type:scorch,fts_quota:750,custom_map_add_non_indexed_fields:False,text_analyzer:keyword,cm_id:5,ini:test.ini,cluster_name:test,spec:test,conf_file:test.conf,num_nodes:4,case_number:2,logs_folder:/Users/girishbenakappa/IdeaProjects/testrunner/logs/testrunner-20-Apr-24_13-57-19/test_2" time="1204.0728590488434">
		<error type="membase.error">['Traceback (most recent call last):\n  File &quot;pytests/tuqquery/flex_index_phase1.py&quot;, line 204, in test_flex_single_typemapping_comp_ops\n    .format(failed_to_run_query, not_found_index_in_response, result_mismatch))\nAssertionError: Found queries not runnable: [] or required index not found in the query resonse: [1, 2, 3, 4, 5, 26] or flex query and gsi query results not matching: [15, 16, 17, 23, 28, 29, 32, 33, 34, 35, 36]\n']</error>
	</testcase>
	<testcase name="tuqquery.flex_index_phase1.FlexIndexTests.test_flex_single_typemapping_comp_ops,test_name:fts_index_exists,GROUP:PS,get-logs:False,stop-on-failure:False,doc-per-day:6,bucket_size:200,scan_consistency:NOT_BOUNDED,skip_load:True,items:1000,custom_map:True,get-cbcollect-info:False,disable_HTP:True,cluster:D+F,index_type:scorch,fts_quota:750,custom_map_add_non_indexed_fields:False,text_analyzer:keyword,cm_id:6,ini:test.ini,cluster_name:test,spec:test,conf_file:test.conf,num_nodes:4,case_number:3,logs_folder:/Users/girishbenakappa/IdeaProjects/testrunner/logs/testrunner-20-Apr-24_13-57-19/test_3" time="76.7078447341919">
		<error type="membase.error">['Traceback (most recent call last):\n  File &quot;pytests/tuqquery/flex_index_phase1.py&quot;, line 204, in test_flex_single_typemapping_comp_ops\n    .format(failed_to_run_query, not_found_index_in_response, result_mismatch))\nAssertionError: Found queries not runnable: [1, 2, 3, 4, 5] or required index not found in the query resonse: [6, 7, 8, 9, 10, 18, 35] or flex query and gsi query results not matching: [11, 25, 26, 27, 28, 29, 30, 31, 32, 36, 37, 38, 39, 40, 44, 46, 47, 48, 49, 50, 58, 59]\n']</error>
	</testcase>
	<testcase name="tuqquery.flex_index_phase1.FlexIndexTests.test_flex_single_typemapping_comp_ops,test_name:fts_index_exists,GROUP:PS,get-logs:False,stop-on-failure:False,doc-per-day:6,bucket_size:200,scan_consistency:NOT_BOUNDED,skip_load:True,items:1000,custom_map:True,get-cbcollect-info:False,disable_HTP:True,cluster:D+F,index_type:scorch,fts_quota:750,custom_map_add_non_indexed_fields:False,text_analyzer:keyword,cm_id:7,ini:test.ini,cluster_name:test,spec:test,conf_file:test.conf,num_nodes:4,case_number:4,logs_folder:/Users/girishbenakappa/IdeaProjects/testrunner/logs/testrunner-20-Apr-24_13-57-19/test_4" time="97.43033599853516">
		<error type="membase.error">['Traceback (most recent call last):\n  File &quot;pytests/tuqquery/flex_index_phase1.py&quot;, line 204, in test_flex_single_typemapping_comp_ops\n    .format(failed_to_run_query, not_found_index_in_response, result_mismatch))\nAssertionError: Found queries not runnable: [1, 2, 3, 4, 5] or required index not found in the query resonse: [6, 7, 8, 9, 10] or flex query and gsi query results not matching: [17, 18, 20, 21, 22, 23, 26, 27, 29, 30, 31, 32, 33, 34, 35, 36, 37, 40, 41, 43, 44, 45, 46, 47, 57]\n']</error>
	</testcase>
	<testcase name="tuqquery.flex_index_phase1.FlexIndexTests.test_flex_single_typemapping_comp_ops,test_name:fts_index_exists,GROUP:PS,get-logs:False,stop-on-failure:False,doc-per-day:6,bucket_size:200,scan_consistency:NOT_BOUNDED,skip_load:True,items:1000,custom_map:True,get-cbcollect-info:False,disable_HTP:True,cluster:D+F,index_type:scorch,fts_quota:750,custom_map_add_non_indexed_fields:False,text_analyzer:keyword,cm_id:8,ini:test.ini,cluster_name:test,spec:test,conf_file:test.conf,num_nodes:4,case_number:5,logs_folder:/Users/girishbenakappa/IdeaProjects/testrunner/logs/testrunner-20-Apr-24_13-57-19/test_5" time="22.669710159301758">
		<error type="membase.error">['Traceback (most recent call last):\n  File &quot;pytests/tuqquery/flex_index_phase1.py&quot;, line 22, in setUp\n    super(FlexIndexTests, self).setUp()\n  File &quot;pytests/tuqquery/tuq.py&quot;, line 60, in setUp\n    self.shell = RemoteMachineShellConnection(self.master)\n  File &quot;lib/remote/remote_util.py&quot;, line 309, in __init__\n    self.extract_remote_info()\n  File &quot;lib/remote/remote_util.py&quot;, line 3511, in extract_remote_info\n    info.cpu = self.get_cpu_info(mac=is_mac)\n  File &quot;lib/remote/remote_util.py&quot;, line 3592, in get_cpu_info\n    o, r = self.execute_command_raw(\'cat /proc/cpuinfo\', debug=False)\n  File &quot;lib/remote/remote_util.py&quot;, line 3239, in execute_command_raw\n    stdin, stdout, stderro = self._ssh_client.exec_command(command, timeout=timeout)\n  File &quot;/Library/Frameworks/Python.framework/Versions/3.7/lib/python3.7/site-packages/paramiko/client.py&quot;, line 508, in exec_command\n    chan = self._transport.open_session(timeout=timeout)\n  File &quot;/Library/Frameworks/Python.framework/Versions/3.7/lib/python3.7/site-packages/paramiko/transport.py&quot;, line 879, in open_session\n    timeout=timeout,\n  File &quot;/Library/Frameworks/Python.framework/Versions/3.7/lib/python3.7/site-packages/paramiko/transport.py&quot;, line 1006, in open_channel\n    raise e\n  File &quot;/Library/Frameworks/Python.framework/Versions/3.7/lib/python3.7/site-packages/paramiko/transport.py&quot;, line 2055, in run\n    ptype, m = self.packetizer.read_message()\n  File &quot;/Library/Frameworks/Python.framework/Versions/3.7/lib/python3.7/site-packages/paramiko/packet.py&quot;, line 459, in read_message\n    header = self.read_all(self.__block_size_in, check_rekey=True)\n  File &quot;/Library/Frameworks/Python.framework/Versions/3.7/lib/python3.7/site-packages/paramiko/packet.py&quot;, line 301, in read_all\n    x = self.__socket.recv(n)\nTimeoutError: [Errno 60] Operation timed out\n']</error>
	</testcase>
	<testcase name="tuqquery.flex_index_phase1.FlexIndexTests.test_flex_single_typemapping_comp_ops,test_name:fts_index_exists,GROUP:PS,get-logs:False,stop-on-failure:False,doc-per-day:6,bucket_size:200,scan_consistency:NOT_BOUNDED,skip_load:True,items:1000,custom_map:True,get-cbcollect-info:False,disable_HTP:True,cluster:D+F,index_type:scorch,fts_quota:750,custom_map_add_non_indexed_fields:False,text_analyzer:keyword,cm_id:9,ini:test.ini,cluster_name:test,spec:test,conf_file:test.conf,num_nodes:4,case_number:6,logs_folder:/Users/girishbenakappa/IdeaProjects/testrunner/logs/testrunner-20-Apr-24_13-57-19/test_6" time="2280.7816729545593">
		<error type="membase.error">['Traceback (most recent call last):\n  File &quot;pytests/tuqquery/flex_index_phase1.py&quot;, line 204, in test_flex_single_typemapping_comp_ops\n    .format(failed_to_run_query, not_found_index_in_response, result_mismatch))\nAssertionError: Found queries not runnable: [1, 2, 3, 4, 5] or required index not found in the query resonse: [6, 7, 8, 9, 10, 27] or flex query and gsi query results not matching: [12, 14, 16, 17, 21, 24, 25, 28, 29, 30, 31, 32, 33, 34, 35, 36, 37, 44, 45, 47]\n']</error>
	</testcase>
	<testcase name="tuqquery.flex_index_phase1.FlexIndexTests.test_flex_single_typemapping_comp_ops,test_name:fts_index_exists,GROUP:PS,get-logs:False,stop-on-failure:False,doc-per-day:6,bucket_size:200,scan_consistency:NOT_BOUNDED,skip_load:True,items:1000,custom_map:True,get-cbcollect-info:False,disable_HTP:True,cluster:D+F,index_type:scorch,fts_quota:750,custom_map_add_non_indexed_fields:False,text_analyzer:keyword,cm_id:10,ini:test.ini,cluster_name:test,spec:test,conf_file:test.conf,num_nodes:4,case_number:7,logs_folder:/Users/girishbenakappa/IdeaProjects/testrunner/logs/testrunner-20-Apr-24_13-57-19/test_7" time="53.25151705741882">
		<error type="membase.error">['Traceback (most recent call last):\n  File &quot;pytests/tuqquery/flex_index_phase1.py&quot;, line 204, in test_flex_single_typemapping_comp_ops\n    .format(failed_to_run_query, not_found_index_in_response, result_mismatch))\nAssertionError: Found queries not runnable: [1, 2, 3, 4, 5] or required index not found in the query resonse: [6, 7, 8, 9, 10, 35] or flex query and gsi query results not matching: [17, 18, 19, 21, 25, 26, 27, 28, 32, 36, 37, 38, 39, 40, 43, 44, 46, 47, 48, 50, 56, 58, 59]\n']</error>
	</testcase>
	<testcase name="tuqquery.flex_index_phase1.FlexIndexTests.test_flex_single_typemapping_comp_ops,test_name:fts_index_exists,GROUP:PS,get-logs:False,stop-on-failure:False,doc-per-day:6,bucket_size:200,scan_consistency:NOT_BOUNDED,skip_load:True,items:1000,custom_map:True,get-cbcollect-info:False,disable_HTP:True,cluster:D+F,index_type:scorch,fts_quota:750,custom_map_add_non_indexed_fields:False,text_analyzer:keyword,cm_id:11,ini:test.ini,cluster_name:test,spec:test,conf_file:test.conf,num_nodes:4,case_number:8,logs_folder:/Users/girishbenakappa/IdeaProjects/testrunner/logs/testrunner-20-Apr-24_13-57-19/test_8" time="50.86345076560974">
		<error type="membase.error">['Traceback (most recent call last):\n  File &quot;pytests/tuqquery/flex_index_phase1.py&quot;, line 204, in test_flex_single_typemapping_comp_ops\n    .format(failed_to_run_query, not_found_index_in_response, result_mismatch))\nAssertionError: Found queries not runnable: [1, 2, 3, 4, 5] or required index not found in the query resonse: [6, 7, 8, 9, 10, 27, 35] or flex query and gsi query results not matching: [24, 25, 29, 30, 31, 32, 36, 37, 38, 39, 40, 41, 46, 50, 57, 58]\n']</error>
	</testcase>
	<testcase name="tuqquery.flex_index_phase1.FlexIndexTests.test_flex_single_typemapping_comp_ops,test_name:fts_index_exists,GROUP:PS,get-logs:False,stop-on-failure:False,doc-per-day:6,bucket_size:200,scan_consistency:NOT_BOUNDED,skip_load:True,items:1000,custom_map:True,get-cbcollect-info:False,disable_HTP:True,cluster:D+F,index_type:scorch,fts_quota:750,custom_map_add_non_indexed_fields:False,text_analyzer:keyword,cm_id:12,ini:test.ini,cluster_name:test,spec:test,conf_file:test.conf,num_nodes:4,case_number:9,logs_folder:/Users/girishbenakappa/IdeaProjects/testrunner/logs/testrunner-20-Apr-24_13-57-19/test_9" time="46.87980794906616">
		<error type="membase.error">['Traceback (most recent call last):\n  File &quot;pytests/tuqquery/flex_index_phase1.py&quot;, line 22, in setUp\n    super(FlexIndexTests, self).setUp()\n  File &quot;pytests/tuqquery/tuq.py&quot;, line 144, in setUp\n    output, error = self.shell.execute_command(&quot;killall -9 cbq-engine&quot;)\n  File &quot;lib/remote/remote_util.py&quot;, line 3216, in execute_command\n    return self.execute_command_raw(command, debug=debug, use_channel=use_channel, timeout=timeout)\n  File &quot;lib/remote/remote_util.py&quot;, line 3239, in execute_command_raw\n    stdin, stdout, stderro = self._ssh_client.exec_command(command, timeout=timeout)\n  File &quot;/Library/Frameworks/Python.framework/Versions/3.7/lib/python3.7/site-packages/paramiko/client.py&quot;, line 508, in exec_command\n    chan = self._transport.open_session(timeout=timeout)\n  File &quot;/Library/Frameworks/Python.framework/Versions/3.7/lib/python3.7/site-packages/paramiko/transport.py&quot;, line 879, in open_session\n    timeout=timeout,\n  File &quot;/Library/Frameworks/Python.framework/Versions/3.7/lib/python3.7/site-packages/paramiko/transport.py&quot;, line 1006, in open_channel\n    raise e\n  File &quot;/Library/Frameworks/Python.framework/Versions/3.7/lib/python3.7/site-packages/paramiko/transport.py&quot;, line 2055, in run\n    ptype, m = self.packetizer.read_message()\n  File &quot;/Library/Frameworks/Python.framework/Versions/3.7/lib/python3.7/site-packages/paramiko/packet.py&quot;, line 459, in read_message\n    header = self.read_all(self.__block_size_in, check_rekey=True)\n  File &quot;/Library/Frameworks/Python.framework/Versions/3.7/lib/python3.7/site-packages/paramiko/packet.py&quot;, line 301, in read_all\n    x = self.__socket.recv(n)\nTimeoutError: [Errno 60] Operation timed out\n']</error>
	</testcase>
	<testcase name="tuqquery.flex_index_phase1.FlexIndexTests.test_flex_single_typemapping_comp_ops,test_name:fts_index_exists,GROUP:PS,get-logs:False,stop-on-failure:False,doc-per-day:6,bucket_size:200,scan_consistency:NOT_BOUNDED,skip_load:True,items:1000,custom_map:True,get-cbcollect-info:False,disable_HTP:True,cluster:D+F,index_type:scorch,fts_quota:750,custom_map_add_non_indexed_fields:False,text_analyzer:keyword,cm_id:13,ini:test.ini,cluster_name:test,spec:test,conf_file:test.conf,num_nodes:4,case_number:10,logs_folder:/Users/girishbenakappa/IdeaProjects/testrunner/logs/testrunner-20-Apr-24_13-57-19/test_10" time="40.70030093193054">
		<error type="membase.error">['Traceback (most recent call last):\n  File &quot;pytests/tuqquery/flex_index_phase1.py&quot;, line 204, in test_flex_single_typemapping_comp_ops\n    .format(failed_to_run_query, not_found_index_in_response, result_mismatch))\nAssertionError: Found queries not runnable: [] or required index not found in the query resonse: [15, 16, 21] or flex query and gsi query results not matching: [6, 8, 9, 14, 17, 18, 23, 24]\n']</error>
	</testcase>
	<testcase name="tuqquery.flex_index_phase1.FlexIndexTests.test_flex_single_typemapping_comp_ops,test_name:fts_index_exists,GROUP:PS,get-logs:False,stop-on-failure:False,doc-per-day:6,bucket_size:200,scan_consistency:NOT_BOUNDED,skip_load:True,items:1000,custom_map:True,get-cbcollect-info:False,disable_HTP:True,cluster:D+F,index_type:scorch,fts_quota:750,custom_map_add_non_indexed_fields:False,text_analyzer:keyword,cm_id:14,ini:test.ini,cluster_name:test,spec:test,conf_file:test.conf,num_nodes:4,case_number:11,logs_folder:/Users/girishbenakappa/IdeaProjects/testrunner/logs/testrunner-20-Apr-24_13-57-19/test_11" time="42.533462047576904">
		<error type="membase.error">['Traceback (most recent call last):\n  File &quot;pytests/tuqquery/flex_index_phase1.py&quot;, line 204, in test_flex_single_typemapping_comp_ops\n    .format(failed_to_run_query, not_found_index_in_response, result_mismatch))\nAssertionError: Found queries not runnable: [] or required index not found in the query resonse: [] or flex query and gsi query results not matching: [7, 9, 10, 11, 12, 13, 14, 15, 16, 17, 18, 19, 20, 21, 24, 25, 26, 27, 28]\n']</error>
	</testcase>
	<testcase name="tuqquery.flex_index_phase1.FlexIndexTests.test_flex_single_typemapping_comp_ops,test_name:fts_index_exists,GROUP:PS,get-logs:False,stop-on-failure:False,doc-per-day:6,bucket_size:200,scan_consistency:NOT_BOUNDED,skip_load:True,items:1000,custom_map:True,get-cbcollect-info:False,disable_HTP:True,cluster:D+F,index_type:scorch,fts_quota:750,custom_map_add_non_indexed_fields:False,text_analyzer:keyword,cm_id:15,ini:test.ini,cluster_name:test,spec:test,conf_file:test.conf,num_nodes:4,case_number:12,logs_folder:/Users/girishbenakappa/IdeaProjects/testrunner/logs/testrunner-20-Apr-24_13-57-19/test_12" time="210.83541989326477">
		<error type="membase.error">['Traceback (most recent call last):\n  File &quot;pytests/tuqquery/flex_index_phase1.py&quot;, line 204, in test_flex_single_typemapping_comp_ops\n    .format(failed_to_run_query, not_found_index_in_response, result_mismatch))\nAssertionError: Found queries not runnable: [] or required index not found in the query resonse: [1, 2, 3, 4, 5, 14, 15] or flex query and gsi query results not matching: [7, 10, 12, 17, 19, 21, 22, 24, 29, 31, 32, 41, 42]\n']</error>
	</testcase>
	<testcase name="tuqquery.flex_index_phase1.FlexIndexTests.test_flex_single_typemapping_comp_ops,test_name:fts_index_exists,GROUP:PS,get-logs:False,stop-on-failure:False,doc-per-day:6,bucket_size:200,scan_consistency:NOT_BOUNDED,skip_load:True,items:1000,custom_map:True,get-cbcollect-info:False,disable_HTP:True,cluster:D+F,index_type:scorch,fts_quota:750,custom_map_add_non_indexed_fields:False,text_analyzer:keyword,cm_id:16,ini:test.ini,cluster_name:test,spec:test,conf_file:test.conf,num_nodes:4,case_number:13,logs_folder:/Users/girishbenakappa/IdeaProjects/testrunner/logs/testrunner-20-Apr-24_13-57-19/test_13" time="233.3032991886139">
		<error type="membase.error">['Traceback (most recent call last):\n  File &quot;pytests/tuqquery/flex_index_phase1.py&quot;, line 204, in test_flex_single_typemapping_comp_ops\n    .format(failed_to_run_query, not_found_index_in_response, result_mismatch))\nAssertionError: Found queries not runnable: [1, 2, 3, 4, 5] or required index not found in the query resonse: [20, 30] or flex query and gsi query results not matching: [11, 12, 15, 16, 17, 18, 19, 21, 22, 23, 25, 31, 32, 33, 34, 35, 36, 37, 38, 40, 45]\n']</error>
	</testcase>
	<testcase name="tuqquery.flex_index_phase1.FlexIndexTests.test_flex_single_typemapping_comp_ops,test_name:fts_index_exists,GROUP:PS,get-logs:False,stop-on-failure:False,doc-per-day:6,bucket_size:200,scan_consistency:NOT_BOUNDED,skip_load:True,items:1000,custom_map:True,get-cbcollect-info:False,disable_HTP:True,cluster:D+F,index_type:scorch,fts_quota:750,custom_map_add_non_indexed_fields:False,text_analyzer:keyword,cm_id:17,ini:test.ini,cluster_name:test,spec:test,conf_file:test.conf,num_nodes:4,case_number:14,logs_folder:/Users/girishbenakappa/IdeaProjects/testrunner/logs/testrunner-20-Apr-24_13-57-19/test_14" time="52.82322669029236">
		<error type="membase.error">['Traceback (most recent call last):\n  File &quot;pytests/tuqquery/flex_index_phase1.py&quot;, line 204, in test_flex_single_typemapping_comp_ops\n    .format(failed_to_run_query, not_found_index_in_response, result_mismatch))\nAssertionError: Found queries not runnable: [1, 2, 3, 4, 5] or required index not found in the query resonse: [6, 7, 8, 9, 10, 27, 35] or flex query and gsi query results not matching: [13, 16, 17, 18, 19, 24, 25, 26, 29, 30, 31, 36, 37, 38, 39, 40, 46, 47, 48, 49, 50, 56, 59]\n']</error>
	</testcase>
	<testcase name="tuqquery.flex_index_phase1.FlexIndexTests.test_flex_single_typemapping_comp_ops,test_name:fts_index_exists,GROUP:PS,get-logs:False,stop-on-failure:False,doc-per-day:6,bucket_size:200,scan_consistency:NOT_BOUNDED,skip_load:True,items:1000,custom_map:True,get-cbcollect-info:False,disable_HTP:True,cluster:D+F,index_type:scorch,fts_quota:750,custom_map_add_non_indexed_fields:False,text_analyzer:keyword,cm_id:18,ini:test.ini,cluster_name:test,spec:test,conf_file:test.conf,num_nodes:4,case_number:15,logs_folder:/Users/girishbenakappa/IdeaProjects/testrunner/logs/testrunner-20-Apr-24_13-57-19/test_15" time="97.98027086257935">
		<error type="membase.error">['Traceback (most recent call last):\n  File &quot;pytests/tuqquery/flex_index_phase1.py&quot;, line 204, in test_flex_single_typemapping_comp_ops\n    .format(failed_to_run_query, not_found_index_in_response, result_mismatch))\nAssertionError: Found queries not runnable: [1, 2, 3, 4, 5] or required index not found in the query resonse: [] or flex query and gsi query results not matching: [11, 12, 13, 14, 15, 17, 18, 19, 24, 25, 26, 27, 28, 29, 30, 31, 32, 33, 34, 35, 37, 42]\n']</error>
	</testcase>
	<testcase name="tuqquery.flex_index_phase1.FlexIndexTests.test_flex_single_typemapping_comp_ops,test_name:fts_index_exists,GROUP:PS,get-logs:False,stop-on-failure:False,doc-per-day:6,bucket_size:200,scan_consistency:NOT_BOUNDED,skip_load:True,items:1000,custom_map:True,get-cbcollect-info:False,disable_HTP:True,cluster:D+F,index_type:scorch,fts_quota:750,custom_map_add_non_indexed_fields:False,text_analyzer:keyword,cm_id:19,ini:test.ini,cluster_name:test,spec:test,conf_file:test.conf,num_nodes:4,case_number:16,logs_folder:/Users/girishbenakappa/IdeaProjects/testrunner/logs/testrunner-20-Apr-24_13-57-19/test_16" time="40.29782700538635">
		<error type="membase.error">['Traceback (most recent call last):\n  File &quot;pytests/tuqquery/flex_index_phase1.py&quot;, line 204, in test_flex_single_typemapping_comp_ops\n    .format(failed_to_run_query, not_found_index_in_response, result_mismatch))\nAssertionError: Found queries not runnable: [] or required index not found in the query resonse: [1, 2, 3, 4, 5] or flex query and gsi query results not matching: []\n']</error>
	</testcase>
</testsuite>
