<?xml version="1.0" ?>
<testsuite errors="1" failures="1" name="fts.stable_topology_fts.StableTopFTS" skip="0" tests="1" time="292.27459693">
	<testcase name="fts.stable_topology_fts.StableTopFTS.test_query_type,doc-per-day:1,GROUP:P1,compare_es:True,run_via_n1ql:True,fts_quota:750,dataset:all,cluster:D+F,stop-on-failure:False,ini:test.ini,case_number:1,get-logs:False,logs_folder:/Users/girishbenakappa/IdeaProjects/testrunner/logs/testrunner-19-Sep-13_10-27-45/test_1,num_queries:100,query_types:match_phrase,items:30000,spec:test,conf_file:test.conf,num_nodes:3,cluster_name:test,index_type:scorch,scan_consistency:NOT_BOUNDED,get-cbcollect-info:False,bucket_size:200,disable_HTP:True" time="292.27459693">
		<error type="membase.error">['Traceback (most recent call last):\n  File &quot;pytests/fts/stable_topology_fts.py&quot;, line 130, in test_query_type\n    self.run_query_and_compare(index, n1ql_executor=n1ql_executor)\n  File &quot;pytests/fts/fts_base.py&quot;, line 4318, in run_query_and_compare\n    failed_queries))\nAssertionError: 27 out of 100 queries failed! - [10, 12, 19, 24, 30, 31, 34, 35, 41, 43, 45, 46, 48, 50, 56, 58, 62, 66, 70, 72, 77, 78, 82, 86, 90, 95, 100]\n']</error>
	</testcase>
</testsuite>
