<?xml version="1.0" ?>
<testsuite errors="2" failures="2" name="fts.stable_topology_fts.StableTopFTS" skip="0" tests="4" time="581.858794212">
	<testcase name="fts.stable_topology_fts.StableTopFTS.run_default_index_query,GROUP:P0,items:1000,upd:100,expected_hits:1000,update:True,conf_file:test.conf,num_nodes:3,cluster_name:test,query_limit_matches:4,expected_no_of_results:10,query_max_matches:10,ini:test.ini,case_number:1,query:&quot;&quot;&quot;{&quot;min&quot;: 1, &quot;max&quot;:1, &quot;field&quot;: &quot;mutated&quot;, &quot;inclusive_min&quot;: true, &quot;inclusive_max&quot;: true}&quot;&quot;&quot;,logs_folder:/Users/girishbenakappa/IdeaProjects/testrunner/logs/testrunner-19-Apr-26_18-37-51/test_1,spec:test" time="145.648488045"/>
	<testcase name="fts.stable_topology_fts.StableTopFTS.run_default_index_query,GROUP:P0,items:1000,upd:100,expected_hits:1000,update:True,conf_file:test.conf,num_nodes:3,cluster_name:test,query_limit_matches:4,expected_no_of_results:4,ini:test.ini,case_number:2,query:&quot;&quot;&quot;{&quot;min&quot;: 1, &quot;max&quot;:1, &quot;field&quot;: &quot;mutated&quot;, &quot;inclusive_min&quot;: true, &quot;inclusive_max&quot;: true}&quot;&quot;&quot;,logs_folder:/Users/girishbenakappa/IdeaProjects/testrunner/logs/testrunner-19-Apr-26_18-37-51/test_2,spec:test" time="145.184991121">
		<error type="membase.error">['Traceback (most recent call last):\n  File &quot;pytests/fts/stable_topology_fts.py&quot;, line 85, in run_default_index_query\n    expected_no_of_results=self.expected_no_of_results)\n  File &quot;pytests/fts/fts_base.py&quot;, line 1161, in execute_query\n    % (expected_hits, hits))\nFTSException: Expected hits: 1000, fts returned: -1\n']</error>
	</testcase>
	<testcase name="fts.stable_topology_fts.StableTopFTS.run_default_index_query,GROUP:P0,items:1000,upd:100,expected_hits:1000,update:True,conf_file:test.conf,num_nodes:3,cluster_name:test,expected_no_of_results:8,query_max_matches:8,ini:test.ini,case_number:3,query:&quot;&quot;&quot;{&quot;min&quot;: 1, &quot;max&quot;:1, &quot;field&quot;: &quot;mutated&quot;, &quot;inclusive_min&quot;: true, &quot;inclusive_max&quot;: true}&quot;&quot;&quot;,logs_folder:/Users/girishbenakappa/IdeaProjects/testrunner/logs/testrunner-19-Apr-26_18-37-51/test_3,spec:test" time="146.050009012"/>
	<testcase name="fts.stable_topology_fts.StableTopFTS.run_default_index_query,GROUP:P0,items:1000,upd:100,expected_hits:1000,update:True,conf_file:test.conf,num_nodes:3,cluster_name:test,expected_no_of_results:1000,ini:test.ini,case_number:4,query:&quot;&quot;&quot;{&quot;min&quot;: 1, &quot;max&quot;:1, &quot;field&quot;: &quot;mutated&quot;, &quot;inclusive_min&quot;: true, &quot;inclusive_max&quot;: true}&quot;&quot;&quot;,logs_folder:/Users/girishbenakappa/IdeaProjects/testrunner/logs/testrunner-19-Apr-26_18-37-51/test_4,spec:test" time="144.975306034">
		<error type="membase.error">['Traceback (most recent call last):\n  File &quot;pytests/fts/stable_topology_fts.py&quot;, line 85, in run_default_index_query\n    expected_no_of_results=self.expected_no_of_results)\n  File &quot;pytests/fts/fts_base.py&quot;, line 1161, in execute_query\n    % (expected_hits, hits))\nFTSException: Expected hits: 1000, fts returned: -1\n']</error>
	</testcase>
</testsuite>
