<?xml version="1.0" ?>
<testsuite errors="1" failures="1" name="tuqquery.flex_index_phase1.FlexIndexTests" skip="0" tests="1" time="150.67879009246826">
	<testcase name="tuqquery.flex_index_phase1.FlexIndexTests.test_flex_single_typemapping_comp_ops,test_name:fts_index_exists,GROUP:PS,get-logs:False,stop-on-failure:False,doc-per-day:6,bucket_size:200,scan_consistency:NOT_BOUNDED,skip_load:True,items:1000,custom_map:True,get-cbcollect-info:False,disable_HTP:True,cluster:D+F,index_type:scorch,fts_quota:750,custom_map_add_non_indexed_fields:False,text_analyzer:keyword,custommap_dataset:wiki,ini:test.ini,cluster_name:test,spec:test,conf_file:test.conf,num_nodes:2,case_number:1,logs_folder:/Users/girishbenakappa/IdeaProjects/testrunner/logs/testrunner-20-Apr-22_18-11-36/test_1" time="150.67879009246826">
		<error type="membase.error">['Traceback (most recent call last):\n  File &quot;lib/remote/remote_util.py&quot;, line 270, in __init__\n    password=serverInfo.ssh_password)\n  File &quot;/Library/Frameworks/Python.framework/Versions/3.7/lib/python3.7/site-packages/paramiko/client.py&quot;, line 349, in connect\n    retry_on_signal(lambda: sock.connect(addr))\n  File &quot;/Library/Frameworks/Python.framework/Versions/3.7/lib/python3.7/site-packages/paramiko/util.py&quot;, line 283, in retry_on_signal\n    return function()\n  File &quot;/Library/Frameworks/Python.framework/Versions/3.7/lib/python3.7/site-packages/paramiko/client.py&quot;, line 349, in &lt;lambda&gt;\n    retry_on_signal(lambda: sock.connect(addr))\nTimeoutError: [Errno 60] Operation timed out\n\nDuring handling of the above exception, another exception occurred:\n\nTraceback (most recent call last):\n  File &quot;pytests/tuqquery/flex_index_phase1.py&quot;, line 22, in setUp\n    super(FlexIndexTests, self).setUp()\n  File &quot;pytests/tuqquery/tuq.py&quot;, line 49, in setUp\n    super(QueryTests, self).setUp()\n  File &quot;pytests/basetestcase.py&quot;, line 80, in setUp\n    shell = RemoteMachineShellConnection(self.master)\n  File &quot;lib/remote/remote_util.py&quot;, line 300, in __init__\n    exit(1)\n  File &quot;/Library/Frameworks/Python.framework/Versions/3.7/lib/python3.7/_sitebuiltins.py&quot;, line 26, in __call__\n    raise SystemExit(code)\nSystemExit: 1\n']</error>
	</testcase>
</testsuite>
