<?xml version="1.0" ?>
<testsuite errors="2" failures="2" name="tuqquery.flex_index_phase1.FlexIndexTests" skip="0" tests="2" time="137.17473125457764">
	<testcase name="tuqquery.flex_index_phase1.FlexIndexTests.test_flex_single_typemapping,GROUP:PS,get-logs:False,stop-on-failure:False,doc-per-day:6,bucket_size:200,scan_consistency:NOT_BOUNDED,skip_load:True,items:1000,custom_map:True,get-cbcollect-info:False,disable_HTP:True,cluster:D+F,index_type:scorch,fts_quota:750,custom_map_add_non_indexed_fields:False,text_analyzer:keyword,use_index_name_in_query:False,skip_cleanup:False,ini:test.ini,cluster_name:test,spec:test,conf_file:test.conf,num_nodes:1,case_number:1,logs_folder:/Users/girishbenakappa/IdeaProjects/testrunner/logs/testrunner-20-Apr-30_15-49-14/test_1" time="102.61154413223267">
		<error type="membase.error">['Traceback (most recent call last):\n  File &quot;pytests/tuqquery/flex_index_phase1.py&quot;, line 324, in test_flex_single_typemapping\n    .format(failed_to_run_query, not_found_index_in_response, result_mismatch))\nAssertionError: Found queries not runnable: [] or required index not found in the query resonse: [18, 20, 21, 22, 23, 24, 25] or flex query and gsi query results not matching: []\n']</error>
	</testcase>
	<testcase name="tuqquery.flex_index_phase1.FlexIndexTests.test_flex_default_typemapping,GROUP:PS,get-logs:False,stop-on-failure:False,doc-per-day:6,bucket_size:200,scan_consistency:NOT_BOUNDED,skip_load:True,items:1000,get-cbcollect-info:False,disable_HTP:True,cluster:D+F,index_type:scorch,fts_quota:750,custom_map_add_non_indexed_fields:False,text_analyzer:keyword,use_index_name_in_query:False,skip_cleanup:False,ini:test.ini,cluster_name:test,spec:test,conf_file:test.conf,num_nodes:1,case_number:2,logs_folder:/Users/girishbenakappa/IdeaProjects/testrunner/logs/testrunner-20-Apr-30_15-49-14/test_2" time="34.56318712234497">
		<error type="membase.error">['Traceback (most recent call last):\n  File &quot;pytests/tuqquery/flex_index_phase1.py&quot;, line 341, in test_flex_default_typemapping\n    .format(failed_to_run_query, not_found_index_in_response, result_mismatch))\nAssertionError: Found queries not runnable: [] or required index not found in the query resonse: [1, 2, 3, 4, 5, 6, 7, 8, 9, 10, 11, 12, 13, 14, 15, 16, 17, 18, 19, 20, 21, 22, 23, 24, 25, 26, 27, 28, 29, 30, 31, 32, 33, 34, 35, 36, 37, 38, 39, 40, 41, 42, 43, 44, 45, 46, 47, 48, 49, 50, 51, 52, 53, 54, 55, 56, 57] or flex query and gsi query results not matching: []\n']</error>
	</testcase>
</testsuite>
