<?xml version="1.0" ?>
<testsuite errors="1" failures="1" name="tuqquery.flex_index_phase1.FlexIndexTests" skip="0" tests="1" time="114.82317304611206">
	<testcase name="tuqquery.flex_index_phase1.FlexIndexTests.test_flex_default_typemapping,GROUP:PS,get-logs:False,stop-on-failure:False,doc-per-day:6,bucket_size:200,scan_consistency:NOT_BOUNDED,skip_load:True,items:1000,get-cbcollect-info:False,disable_HTP:True,cluster:D+F,index_type:scorch,fts_quota:750,custom_map_add_non_indexed_fields:False,text_analyzer:keyword,use_index_name_in_query:False,ini:test.ini,cluster_name:test,spec:test,conf_file:test.conf,num_nodes:4,case_number:1,logs_folder:/Users/girishbenakappa/IdeaProjects/testrunner/logs/testrunner-20-Apr-30_11-27-42/test_1" time="114.82317304611206">
		<error type="membase.error">['Traceback (most recent call last):\n  File &quot;pytests/tuqquery/flex_index_phase1.py&quot;, line 323, in test_flex_default_typemapping\n    index_name=&quot;default_index&quot;)\n  File &quot;pytests/tuqquery/flex_index_phase1.py&quot;, line 72, in create_index\n    plan_params=plan_params)\n  File &quot;pytests/tuqquery/flex_index_phase1.py&quot;, line 133, in create_fts_index\n    source_uuid\n  File &quot;./pytests/fts/fts_base.py&quot;, line 603, in __init__\n    self.index_definition[\'params\'][\'mapping\'][&quot;default_mapping&quot;][&quot;default_analyzer&quot;] = self.text_analyzer\nKeyError: \'mapping\'\n']</error>
	</testcase>
</testsuite>
