<?xml version="1.0" ?>
<testsuite errors="2" failures="2" name="fts.stable_topology_fts.StableTopFTS" skip="0" tests="4" time="624.654862881">
	<testcase name="fts.stable_topology_fts.StableTopFTS.run_default_index_query,GROUP:P0,items:1000,upd:100,expected_hits:1000,update:True,conf_file:test.conf,num_nodes:3,cluster_name:test,query_limit_matches:4,expected_no_of_results:4,ini:test.ini,case_number:1,query:&quot;&quot;&quot;{&quot;min&quot;: 1, &quot;max&quot;:1, &quot;field&quot;: &quot;mutated&quot;, &quot;inclusive_min&quot;: true, &quot;inclusive_max&quot;: true}&quot;&quot;&quot;,logs_folder:/Users/girishbenakappa/IdeaProjects/testrunner/logs/testrunner-19-Apr-26_20-00-07/test_1,spec:test" time="189.178508997">
		<error type="membase.error">['Traceback (most recent call last):\n  File &quot;pytests/fts/stable_topology_fts.py&quot;, line 88, in run_default_index_query\n    expected_no_of_results=expected_no_of_results)\n  File &quot;pytests/fts/fts_base.py&quot;, line 1173, in execute_query\n    % (expected_no_of_results, doc_ids.__len__()))\nFTSException: Expected number of results: 4, fts returned: 10\n']</error>
	</testcase>
	<testcase name="fts.stable_topology_fts.StableTopFTS.run_default_index_query,GROUP:P0,items:1000,upd:100,expected_hits:1000,update:True,conf_file:test.conf,num_nodes:3,cluster_name:test,expected_no_of_results:8,query_max_matches:8,ini:test.ini,case_number:2,query:&quot;&quot;&quot;{&quot;min&quot;: 1, &quot;max&quot;:1, &quot;field&quot;: &quot;mutated&quot;, &quot;inclusive_min&quot;: true, &quot;inclusive_max&quot;: true}&quot;&quot;&quot;,logs_folder:/Users/girishbenakappa/IdeaProjects/testrunner/logs/testrunner-19-Apr-26_20-00-07/test_2,spec:test" time="144.721045971"/>
	<testcase name="fts.stable_topology_fts.StableTopFTS.run_default_index_query,GROUP:P0,items:1000,upd:100,expected_hits:1000,update:True,conf_file:test.conf,num_nodes:3,cluster_name:test,query_limit_matches:4,expected_no_of_results:10,query_max_matches:10,ini:test.ini,case_number:3,query:&quot;&quot;&quot;{&quot;min&quot;: 1, &quot;max&quot;:1, &quot;field&quot;: &quot;mutated&quot;, &quot;inclusive_min&quot;: true, &quot;inclusive_max&quot;: true}&quot;&quot;&quot;,logs_folder:/Users/girishbenakappa/IdeaProjects/testrunner/logs/testrunner-19-Apr-26_20-00-07/test_3,spec:test" time="145.667943954"/>
	<testcase name="fts.stable_topology_fts.StableTopFTS.run_default_index_query,GROUP:P0,items:1000,upd:100,expected_hits:1000,update:True,conf_file:test.conf,num_nodes:3,cluster_name:test,expected_no_of_results:1000,ini:test.ini,case_number:4,query:&quot;&quot;&quot;{&quot;min&quot;: 1, &quot;max&quot;:1, &quot;field&quot;: &quot;mutated&quot;, &quot;inclusive_min&quot;: true, &quot;inclusive_max&quot;: true}&quot;&quot;&quot;,logs_folder:/Users/girishbenakappa/IdeaProjects/testrunner/logs/testrunner-19-Apr-26_20-00-07/test_4,spec:test" time="145.087363958">
		<error type="membase.error">['Traceback (most recent call last):\n  File &quot;pytests/fts/stable_topology_fts.py&quot;, line 88, in run_default_index_query\n    expected_no_of_results=expected_no_of_results)\n  File &quot;pytests/fts/fts_base.py&quot;, line 1173, in execute_query\n    % (expected_no_of_results, doc_ids.__len__()))\nFTSException: Expected number of results: 1000, fts returned: 10\n']</error>
	</testcase>
</testsuite>
