<?xml version="1.0" ?>
<testsuite errors="1" failures="1" name="tuqquery.flex_index_phase1.FlexIndexTests" skip="0" tests="1" time="8.159284114837646">
	<testcase name="tuqquery.flex_index_phase1.FlexIndexTests.test_flex_single_typemapping,scan_consistency:NOT_BOUNDED,skip_load:True,items:1000,bucket_size:200,cluster:D,D+F,F,index_type:scorch,fts_quota:750,custom_map_add_non_indexed_fields:False,text_analyzer:keyword,use_index_name_in_query:False,flex_query_option:flex_use_fts_gsi_query,custom_map:True,ini:test.ini,cluster_name:test,spec:test,conf_file:test.conf,get-cbcollect-info:False,get-logs:False,stop-on-failure:False,num_nodes:4,case_number:1,logs_folder:/Users/girishbenakappa/IdeaProjects/testrunner/logs/testrunner-20-May-05_13-48-25/test_1" time="8.159284114837646">
		<error type="membase.error">['Traceback (most recent call last):\n  File &quot;pytests/basetestcase.py&quot;, line 274, in setUp\n    self.tearDown()\n  File &quot;pytests/tuqquery/flex_index_phase1.py&quot;, line 37, in tearDown\n    self.cbcluster.delete_all_fts_indexes()\nAttributeError: \'FlexIndexTests\' object has no attribute \'cbcluster\'\n\nDuring handling of the above exception, another exception occurred:\n\nTraceback (most recent call last):\n  File &quot;pytests/tuqquery/flex_index_phase1.py&quot;, line 20, in setUp\n    super(FlexIndexTests, self).setUp()\n  File &quot;pytests/tuqquery/tuq.py&quot;, line 50, in setUp\n    super(QueryTests, self).setUp()\n  File &quot;pytests/basetestcase.py&quot;, line 422, in setUp\n    self.fail(e)\nAssertionError: \'FlexIndexTests\' object has no attribute \'cbcluster\'\n']</error>
	</testcase>
</testsuite>
