<?xml version="1.0" ?>
<testsuite errors="1" failures="1" name="tuqquery.flex_index_phase1.FlexIndexTests" skip="0" tests="1" time="261.3009729385376">
	<testcase name="tuqquery.flex_index_phase1.FlexIndexTests.test_flex_single_typemapping_2_fts_indexes,GROUP:P1,scan_consistency:NOT_BOUNDED,skip_load:True,items:1000,custom_map:True,cluster:D+F,index_type:scorch,fts_quota:750,custom_map_add_non_indexed_fields:False,text_analyzer:keyword,use_index_name_in_query:False,flex_query_option:flex_use_fts_gsi_query,ini:test.ini,cluster_name:test,spec:test,conf_file:test.conf,get-cbcollect-info:False,get-logs:False,stop-on-failure:False,num_nodes:1,case_number:1,logs_folder:/Users/girishbenakappa/IdeaProjects/testrunner/logs/testrunner-20-May-01_15-34-56/test_1" time="261.3009729385376">
		<error type="membase.error">['Traceback (most recent call last):\n  File &quot;pytests/tuqquery/flex_index_phase1.py&quot;, line 418, in test_flex_single_typemapping_2_fts_indexes\n    index_name=&quot;custom_index_1&quot;)\n  File &quot;pytests/tuqquery/flex_index_phase1.py&quot;, line 93, in create_index\n    self.fail(&quot;FTS indexing did not complete. FTS index count : {0}, Bucket count : {1}&quot;.format(indexed_doc_count, doc_count))\nAssertionError: FTS indexing did not complete. FTS index count : 133, Bucket count : 1000\n']</error>
	</testcase>
</testsuite>
