<?xml version="1.0" ?>
<testsuite errors="1" failures="1" name="fts.stable_topology_fts.StableTopFTS" skip="0" tests="1" time="226.033615828">
	<testcase name="fts.stable_topology_fts.StableTopFTS.test_geo_query,doc-per-day:1,GROUP:P1,skip-cleanup:True,fts_quota:750,cluster:D+F+Q,stop-on-failure:False,ini:test.ini,case_number:1,get-logs:False,logs_folder:/Users/girishbenakappa/IdeaProjects/testrunner/logs/testrunner-19-Sep-15_20-51-35/test_1,num_queries:100,compare_es:True,run_via_n1ql:True,items:1000,spec:test,conf_file:test.conf,num_nodes:2,cluster_name:test,index_type:scorch,fail-on-errors:False,scan_consistency:NOT_BOUNDED,get-cbcollect-info:False,bucket_size:200" time="226.033615828">
		<error type="membase.error">['Traceback (most recent call last):\n  File &quot;pytests/fts/stable_topology_fts.py&quot;, line 1750, in test_geo_query\n    self.run_query_and_compare(geo_index, n1ql_executor=n1ql_executor)\n  File &quot;pytests/fts/fts_base.py&quot;, line 4318, in run_query_and_compare\n    failed_queries))\nAssertionError: 58 out of 100 queries failed! - [2, 4, 7, 8, 10, 13, 16, 17, 18, 20, 22, 24, 25, 26, 28, 29, 31, 32, 33, 34, 35, 36, 37, 38, 39, 40, 42, 43, 44, 46, 47, 51, 52, 53, 55, 56, 58, 63, 64, 66, 68, 69, 71, 73, 74, 75, 77, 80, 81, 82, 85, 87, 89, 90, 94, 98, 99, 100]\n']</error>
	</testcase>
</testsuite>
