<?xml version="1.0" ?>
<testsuite errors="1" failures="1" name="fts.stable_topology_fts.StableTopFTS" skip="0" tests="1" time="321.993618965">
	<testcase name="fts.stable_topology_fts.StableTopFTS.test_facets,doc-per-day:1,GROUP:P1,items:100,facets:date_ranges,facets_size:2,spec:test,conf_file:test.conf,num_nodes:4,cluster_name:test,cluster:D,D+F,F,stop-on-failure:False,ini:test.ini,case_number:1,get-logs:False,query:{&quot;match&quot;: &quot;emp&quot;, &quot;field&quot;:&quot;type&quot;},scan_consistency:NOT_BOUNDED,logs_folder:/Users/girishbenakappa/IdeaProjects/testrunner/logs/testrunner-19-Sep-18_13-23-28/test_1,bucket_size:200" time="321.993618965">
		<error type="membase.error">['Traceback (most recent call last):\n  File &quot;pytests/fts/stable_topology_fts.py&quot;, line 912, in test_facets\n    self.fail(&quot;Testcase failed: &quot;+ err.message)\nAssertionError: Testcase failed: local variable \'facets\' referenced before assignment\n']</error>
	</testcase>
</testsuite>
