<?xml version="1.0" ?>
<testsuite errors="1" failures="1" name="fts.stable_topology_fts.StableTopFTS" skip="0" tests="1" time="0.0964591503143">
	<testcase name="fts.stable_topology_fts.StableTopFTS.index_edit_and_query_custom_mapping,num_queries:100,logs_folder:/Users/girishbenakappa/IdeaProjects/testrunner/logs/testrunner-19-Jul-09_15-52-31/test_1,GROUP:P0,index_type:scorch,compare_es:True,cluster:D:F,fts_quota:750,conf_file:test.conf,num_nodes:2,cluster_name:test,cm_id:2,ini:test.ini,case_number:1,get-cbcollect-info:True,custom_map:True,spec:test,disable_HTP:True" time="0.0964591503143">
		<error type="membase.error">['Traceback (most recent call last):\n  File &quot;pytests/fts/stable_topology_fts.py&quot;, line 21, in setUp\n    super(StableTopFTS, self).setUp()\n  File &quot;pytests/fts/fts_base.py&quot;, line 3045, in setUp\n    self.__init_parameters()\n  File &quot;pytests/fts/fts_base.py&quot;, line 3280, in __init_parameters\n    self.fail(&quot;For ES result validation, pls add in the&quot;\nAssertionError: For ES result validation, pls add in the [elastic] section in your ini file, else set &quot;compare_es&quot; as False\n']</error>
	</testcase>
</testsuite>
