<?xml version="1.0" ?>
<testsuite errors="0" failures="0" name="2i.recovery_2i.SecondaryIndexingRecoveryTests" skip="0" tests="1" time="1292.93045497">
	<testcase name="2i.recovery_2i.SecondaryIndexingRecoveryTests.test_failover,doc-per-day:10,GROUP:P1,targetMaster:True,after:query_with_explain:verify_explain_result-query:verify_query_result,dataset:default,stop-on-failure:False,ini:test.ini,groups:simple,case_number:1,get-logs:False,graceful:True,in_between:query,logs_folder:/Users/girishbenakappa/IdeaProjects/testrunner/logs/testrunner-19-Nov-26_09-57-05/test_1,nodes_init:5,before:create_index,nodes_out_dist:kv:1,spec:test,conf_file:test.conf,num_nodes:6,cluster_name:test,services_init:kv-kv-kv-index-index:n1ql,nodes_out:1,scan_consistency:NOT_BOUNDED,get-cbcollect-info:False,bucket_size:200" time="1292.93045497"/>
</testsuite>
