<?xml version="1.0" ?>
<testsuite errors="1" failures="1" name="fts.stable_topology_fts.StableTopFTS" skip="0" tests="1" time="180.357797861">
	<testcase name="fts.stable_topology_fts.StableTopFTS.test_geo_query,doc-per-day:1,GROUP:P1,skip-cleanup:True,fts_quota:750,cluster:D+F+Q,stop-on-failure:False,ini:test.ini,case_number:1,get-logs:False,logs_folder:/Users/girishbenakappa/IdeaProjects/testrunner/logs/testrunner-19-Sep-15_20-40-14/test_1,num_queries:100,compare_es:True,run_via_n1ql:True,items:1000,spec:test,conf_file:test.conf,num_nodes:2,cluster_name:test,index_type:scorch,fail-on-errors:False,scan_consistency:NOT_BOUNDED,get-cbcollect-info:False,bucket_size:200" time="180.357797861">
		<error type="membase.error">['Traceback (most recent call last):\n  File &quot;pytests/fts/stable_topology_fts.py&quot;, line 1750, in test_geo_query\n    self.run_query_and_compare(geo_index, n1ql_executor=n1ql_executor)\n  File &quot;pytests/fts/fts_base.py&quot;, line 4318, in run_query_and_compare\n    failed_queries))\nAssertionError: 100 out of 100 queries failed! - [1, 2, 3, 4, 5, 6, 7, 8, 9, 10, 11, 12, 13, 14, 15, 16, 17, 18, 19, 20, 21, 22, 23, 24, 25, 26, 27, 28, 29, 30, 31, 32, 33, 34, 35, 36, 37, 38, 39, 40, 41, 42, 43, 44, 45, 46, 47, 48, 49, 50, 51, 52, 53, 54, 55, 56, 57, 58, 59, 60, 61, 62, 63, 64, 65, 66, 67, 68, 69, 70, 71, 72, 73, 74, 75, 76, 77, 78, 79, 80, 81, 82, 83, 84, 85, 86, 87, 88, 89, 90, 91, 92, 93, 94, 95, 96, 97, 98, 99, 100]\n']</error>
	</testcase>
</testsuite>
