<?xml version="1.0" ?>
<testsuite errors="2" failures="2" name="tuqquery.flex_index_phase1.FlexIndexTests" skip="0" tests="2" time="226.61148953437805">
	<testcase name="tuqquery.flex_index_phase1.FlexIndexTests.test_flex_default_typemapping,scan_consistency:NOT_BOUNDED,skip_load:True,items:1000,bucket_size:200,cluster:D,D+F,F,index_type:scorch,fts_quota:750,custom_map_add_non_indexed_fields:False,text_analyzer:keyword,use_index_name_in_query:False,flex_query_option:flex_use_fts_gsi_query,nodes_init:3,ini:test.ini,cluster_name:test,spec:flex_index_sartgability,conf_file:conf/tuq/flex_index_sartgability.conf,get-cbcollect-info:False,get-logs:False,stop-on-failure:False,num_nodes:3,case_number:1,logs_folder:/Users/girishbenakappa/IdeaProjects/testrunner/logs/testrunner-20-May-04_08-18-08/test_1" time="151.34646773338318">
		<error type="membase.error">['Traceback (most recent call last):\n  File &quot;lib/remote/remote_util.py&quot;, line 270, in __init__\n    password=serverInfo.ssh_password)\n  File &quot;/Library/Frameworks/Python.framework/Versions/3.7/lib/python3.7/site-packages/paramiko/client.py&quot;, line 349, in connect\n    retry_on_signal(lambda: sock.connect(addr))\n  File &quot;/Library/Frameworks/Python.framework/Versions/3.7/lib/python3.7/site-packages/paramiko/util.py&quot;, line 283, in retry_on_signal\n    return function()\n  File &quot;/Library/Frameworks/Python.framework/Versions/3.7/lib/python3.7/site-packages/paramiko/client.py&quot;, line 349, in &lt;lambda&gt;\n    retry_on_signal(lambda: sock.connect(addr))\nTimeoutError: [Errno 60] Operation timed out\n\nDuring handling of the above exception, another exception occurred:\n\nTraceback (most recent call last):\n  File &quot;pytests/tuqquery/flex_index_phase1.py&quot;, line 18, in setUp\n    super(FlexIndexTests, self).setUp()\n  File &quot;pytests/tuqquery/tuq.py&quot;, line 50, in setUp\n    super(QueryTests, self).setUp()\n  File &quot;pytests/basetestcase.py&quot;, line 80, in setUp\n    shell = RemoteMachineShellConnection(self.master)\n  File &quot;lib/remote/remote_util.py&quot;, line 300, in __init__\n    exit(1)\n  File &quot;/Library/Frameworks/Python.framework/Versions/3.7/lib/python3.7/_sitebuiltins.py&quot;, line 26, in __call__\n    raise SystemExit(code)\nSystemExit: 1\n']</error>
	</testcase>
	<testcase name="tuqquery.flex_index_phase1.FlexIndexTests.test_flex_default_typemapping,scan_consistency:NOT_BOUNDED,skip_load:True,items:1000,bucket_size:200,cluster:D,D+F,F,index_type:scorch,fts_quota:750,custom_map_add_non_indexed_fields:False,text_analyzer:keyword,use_index_name_in_query:True,flex_query_option:flex_use_fts_gsi_query,nodes_init:3,ini:test.ini,cluster_name:test,spec:flex_index_sartgability,conf_file:conf/tuq/flex_index_sartgability.conf,get-cbcollect-info:False,get-logs:False,stop-on-failure:False,num_nodes:3,case_number:2,logs_folder:/Users/girishbenakappa/IdeaProjects/testrunner/logs/testrunner-20-May-04_08-18-08/test_2" time="75.26502180099487">
		<error type="membase.error">['Traceback (most recent call last):\n  File &quot;lib/remote/remote_util.py&quot;, line 270, in __init__\n    password=serverInfo.ssh_password)\n  File &quot;/Library/Frameworks/Python.framework/Versions/3.7/lib/python3.7/site-packages/paramiko/client.py&quot;, line 349, in connect\n    retry_on_signal(lambda: sock.connect(addr))\n  File &quot;/Library/Frameworks/Python.framework/Versions/3.7/lib/python3.7/site-packages/paramiko/util.py&quot;, line 283, in retry_on_signal\n    return function()\n  File &quot;/Library/Frameworks/Python.framework/Versions/3.7/lib/python3.7/site-packages/paramiko/client.py&quot;, line 349, in &lt;lambda&gt;\n    retry_on_signal(lambda: sock.connect(addr))\nTimeoutError: [Errno 60] Operation timed out\n\nDuring handling of the above exception, another exception occurred:\n\nTraceback (most recent call last):\n  File &quot;pytests/tuqquery/flex_index_phase1.py&quot;, line 18, in setUp\n    super(FlexIndexTests, self).setUp()\n  File &quot;pytests/tuqquery/tuq.py&quot;, line 50, in setUp\n    super(QueryTests, self).setUp()\n  File &quot;pytests/basetestcase.py&quot;, line 80, in setUp\n    shell = RemoteMachineShellConnection(self.master)\n  File &quot;lib/remote/remote_util.py&quot;, line 300, in __init__\n    exit(1)\n  File &quot;/Library/Frameworks/Python.framework/Versions/3.7/lib/python3.7/_sitebuiltins.py&quot;, line 26, in __call__\n    raise SystemExit(code)\nSystemExit: 1\n']</error>
	</testcase>
</testsuite>
