<?xml version="1.0" ?>
<testsuite errors="2" failures="2" name="tuqquery.flex_index_phase1.FlexIndexTests" skip="0" tests="2" time="246.17030572891235">
	<testcase name="tuqquery.flex_index_phase1.FlexIndexTests.test_flex_default_typemapping,scan_consistency:NOT_BOUNDED,skip_load:True,items:1000,bucket_size:200,cluster:D,D+F,F,index_type:scorch,fts_quota:750,custom_map_add_non_indexed_fields:False,text_analyzer:keyword,use_index_name_in_query:False,flex_query_option:flex_use_fts_gsi_query,ini:test.ini,cluster_name:test,spec:test,conf_file:test.conf,get-cbcollect-info:False,get-logs:False,stop-on-failure:False,num_nodes:1,case_number:1,logs_folder:/Users/girishbenakappa/IdeaProjects/testrunner/logs/testrunner-20-May-01_19-32-40/test_1" time="150.96879887580872">
		<error type="membase.error">['Traceback (most recent call last):\n  File &quot;pytests/tuqquery/flex_index_phase1.py&quot;, line 391, in test_flex_default_typemapping\n    .format(failed_to_run_query, not_found_index_in_response, result_mismatch))\nAssertionError: Found queries not runnable: [] or required index not found in the query resonse: [47, 48, 49, 50, 51, 52, 53, 54, 55, 56, 58, 65, 73, 75] or flex query and gsi query results not matching: [2, 3, 4, 5, 6, 7, 8, 9, 10, 11, 12, 13, 14, 31, 32, 33, 34, 35, 36, 41, 44, 45, 72, 74, 76]\n']</error>
	</testcase>
	<testcase name="tuqquery.flex_index_phase1.FlexIndexTests.test_flex_default_typemapping,scan_consistency:NOT_BOUNDED,skip_load:True,items:1000,bucket_size:200,cluster:D,D+F,F,index_type:scorch,fts_quota:750,custom_map_add_non_indexed_fields:False,text_analyzer:keyword,use_index_name_in_query:True,flex_query_option:flex_use_fts_gsi_query,ini:test.ini,cluster_name:test,spec:test,conf_file:test.conf,get-cbcollect-info:False,get-logs:False,stop-on-failure:False,num_nodes:1,case_number:2,logs_folder:/Users/girishbenakappa/IdeaProjects/testrunner/logs/testrunner-20-May-01_19-32-40/test_2" time="95.20150685310364">
		<error type="membase.error">['Traceback (most recent call last):\n  File &quot;pytests/tuqquery/flex_index_phase1.py&quot;, line 18, in setUp\n    super(FlexIndexTests, self).setUp()\n  File &quot;pytests/tuqquery/tuq.py&quot;, line 145, in setUp\n    output, error = self.shell.execute_command(&quot;killall -9 cbq-engine&quot;)\n  File &quot;lib/remote/remote_util.py&quot;, line 3216, in execute_command\n    return self.execute_command_raw(command, debug=debug, use_channel=use_channel, timeout=timeout)\n  File &quot;lib/remote/remote_util.py&quot;, line 3239, in execute_command_raw\n    stdin, stdout, stderro = self._ssh_client.exec_command(command, timeout=timeout)\n  File &quot;/Library/Frameworks/Python.framework/Versions/3.7/lib/python3.7/site-packages/paramiko/client.py&quot;, line 508, in exec_command\n    chan = self._transport.open_session(timeout=timeout)\n  File &quot;/Library/Frameworks/Python.framework/Versions/3.7/lib/python3.7/site-packages/paramiko/transport.py&quot;, line 879, in open_session\n    timeout=timeout,\n  File &quot;/Library/Frameworks/Python.framework/Versions/3.7/lib/python3.7/site-packages/paramiko/transport.py&quot;, line 1006, in open_channel\n    raise e\n  File &quot;/Library/Frameworks/Python.framework/Versions/3.7/lib/python3.7/site-packages/paramiko/transport.py&quot;, line 2055, in run\n    ptype, m = self.packetizer.read_message()\n  File &quot;/Library/Frameworks/Python.framework/Versions/3.7/lib/python3.7/site-packages/paramiko/packet.py&quot;, line 459, in read_message\n    header = self.read_all(self.__block_size_in, check_rekey=True)\n  File &quot;/Library/Frameworks/Python.framework/Versions/3.7/lib/python3.7/site-packages/paramiko/packet.py&quot;, line 301, in read_all\n    x = self.__socket.recv(n)\nTimeoutError: [Errno 60] Operation timed out\n']</error>
	</testcase>
</testsuite>
