<?xml version="1.0" ?>
<testsuite errors="1" failures="1" name="fts.stable_topology_fts.StableTopFTS" skip="0" tests="1" time="147.016350985">
	<testcase name="fts.stable_topology_fts.StableTopFTS.run_default_index_query,GROUP:P0,items:1000,upd:100,expected_hits:1000,update:True,conf_file:test.conf,num_nodes:3,cluster_name:test,query_limit_matches:4,expected_no_of_results:4,ini:test.ini,case_number:1,query:&quot;&quot;&quot;{&quot;min&quot;: 1, &quot;max&quot;:1, &quot;field&quot;: &quot;mutated&quot;, &quot;inclusive_min&quot;: true, &quot;inclusive_max&quot;: true}&quot;&quot;&quot;,logs_folder:/Users/girishbenakappa/IdeaProjects/testrunner/logs/testrunner-19-Apr-26_21-10-16/test_1,spec:test" time="147.016350985">
		<error type="membase.error">['Traceback (most recent call last):\n  File &quot;pytests/fts/stable_topology_fts.py&quot;, line 88, in run_default_index_query\n    expected_no_of_results=expected_no_of_results)\n  File &quot;pytests/fts/fts_base.py&quot;, line 1133, in execute_query\n    score=score)\n  File &quot;pytests/fts/fts_base.py&quot;, line 1029, in construct_cbft_query_json\n    query_json.__delattr__(\'size\')\nAttributeError: \'dict\' object has no attribute \'size\'\n']</error>
	</testcase>
</testsuite>
