<?xml version="1.0" ?>
<testsuite errors="4" failures="4" name="tuqquery.flex_index_phase1.FlexIndexTests" skip="0" tests="7" time="1060.508800983429">
	<testcase name="tuqquery.flex_index_phase1.FlexIndexTests.test_flex_default_typemapping,scan_consistency:NOT_BOUNDED,skip_load:True,items:1000,bucket_size:200,cluster:D,D+F,F,index_type:scorch,fts_quota:750,custom_map_add_non_indexed_fields:False,text_analyzer:keyword,use_index_name_in_query:False,flex_query_option:flex_use_fts_gsi_query,flex_dataset:default,ini:test.ini,cluster_name:test,spec:test,conf_file:test.conf,get-cbcollect-info:False,get-logs:False,stop-on-failure:False,num_nodes:1,case_number:1,logs_folder:/Users/girishbenakappa/IdeaProjects/testrunner/logs/testrunner-20-May-08_13-30-33/test_1" time="167.11241102218628">
		<error type="membase.error">['Traceback (most recent call last):\n  File &quot;pytests/tuqquery/flex_index_phase1.py&quot;, line 455, in test_flex_default_typemapping\n    .format(failed_to_run_query, not_found_index_in_response, result_mismatch))\nAssertionError: Found queries not runnable: [] or required index not found in the query resonse: [] or flex query and gsi query results not matching: [13, 14, 15, 16, 17, 18, 20, 21, 23, 24, 25, 27, 29, 30, 32, 33, 34, 35, 36, 37, 38, 39, 40, 41, 42, 43, 44, 45, 46, 52, 54, 55, 56, 68, 70, 71, 76]\n']</error>
	</testcase>
	<testcase name="tuqquery.flex_index_phase1.FlexIndexTests.test_flex_single_typemapping,scan_consistency:NOT_BOUNDED,skip_load:True,items:1000,bucket_size:200,cluster:D,D+F,F,index_type:scorch,fts_quota:750,custom_map_add_non_indexed_fields:False,text_analyzer:keyword,use_index_name_in_query:False,flex_query_option:flex_use_fts_gsi_query,custom_map:True,ini:test.ini,cluster_name:test,spec:test,conf_file:test.conf,get-cbcollect-info:False,get-logs:False,stop-on-failure:False,num_nodes:1,case_number:2,logs_folder:/Users/girishbenakappa/IdeaProjects/testrunner/logs/testrunner-20-May-08_13-30-33/test_2" time="99.4620749950409"/>
	<testcase name="tuqquery.flex_index_phase1.FlexIndexTests.test_flex_single_typemapping,scan_consistency:NOT_BOUNDED,skip_load:True,items:1000,bucket_size:200,cluster:D,D+F,F,index_type:scorch,fts_quota:750,custom_map_add_non_indexed_fields:False,text_analyzer:keyword,use_index_name_in_query:True,flex_query_option:flex_use_fts_gsi_query,custom_map:True,cm_id:2,ini:test.ini,cluster_name:test,spec:test,conf_file:test.conf,get-cbcollect-info:False,get-logs:False,stop-on-failure:False,num_nodes:1,case_number:3,logs_folder:/Users/girishbenakappa/IdeaProjects/testrunner/logs/testrunner-20-May-08_13-30-33/test_3" time="83.26691889762878"/>
	<testcase name="tuqquery.flex_index_phase1.FlexIndexTests.test_flex_multi_typemapping,scan_consistency:NOT_BOUNDED,skip_load:True,items:1000,bucket_size:200,cluster:D,D+F,F,index_type:scorch,fts_quota:750,custom_map_add_non_indexed_fields:False,text_analyzer:keyword,use_index_name_in_query:False,flex_query_option:flex_use_fts_gsi_query,custom_map:True,flex_dataset:all,doc_maps:2,ini:test.ini,cluster_name:test,spec:test,conf_file:test.conf,get-cbcollect-info:False,get-logs:False,stop-on-failure:False,num_nodes:1,case_number:4,logs_folder:/Users/girishbenakappa/IdeaProjects/testrunner/logs/testrunner-20-May-08_13-30-33/test_4" time="130.60748028755188"/>
	<testcase name="tuqquery.flex_index_phase1.FlexIndexTests.test_flex_single_typemapping_partial_sargability,bucket_size:200,scan_consistency:NOT_BOUNDED,skip_load:True,items:1000,custom_map:True,cluster:D+F,index_type:scorch,fts_quota:750,custom_map_add_non_indexed_fields:False,text_analyzer:keyword,use_index_name_in_query:False,flex_query_option:flex_use_fts_gsi_query,cm_id:2,ini:test.ini,cluster_name:test,spec:test,conf_file:test.conf,get-cbcollect-info:False,get-logs:False,stop-on-failure:False,num_nodes:1,case_number:5,logs_folder:/Users/girishbenakappa/IdeaProjects/testrunner/logs/testrunner-20-May-08_13-30-33/test_5" time="131.8945677280426">
		<error type="membase.error">['Traceback (most recent call last):\n  File &quot;pytests/tuqquery/flex_index_phase1.py&quot;, line 479, in test_flex_single_typemapping_partial_sargability\n    .format(failed_to_run_query, not_found_index_in_response, result_mismatch))\nAssertionError: Found queries not runnable: [] or required index not found in the query resonse: [50, 51, 56, 73, 74, 75, 77] or flex query and gsi query results not matching: [64, 65]\n']</error>
	</testcase>
	<testcase name="tuqquery.flex_index_phase1.FlexIndexTests.test_flex_single_typemapping_partial_sargability,bucket_size:200,scan_consistency:NOT_BOUNDED,skip_load:True,items:1000,custom_map:True,cluster:D+F,index_type:scorch,fts_quota:750,custom_map_add_non_indexed_fields:False,text_analyzer:keyword,use_index_name_in_query:False,flex_query_option:flex_use_fts_gsi_query,ini:test.ini,cluster_name:test,spec:test,conf_file:test.conf,get-cbcollect-info:False,get-logs:False,stop-on-failure:False,num_nodes:1,case_number:6,logs_folder:/Users/girishbenakappa/IdeaProjects/testrunner/logs/testrunner-20-May-08_13-30-33/test_6" time="121.47868013381958">
		<error type="membase.error">['Traceback (most recent call last):\n  File &quot;pytests/tuqquery/flex_index_phase1.py&quot;, line 479, in test_flex_single_typemapping_partial_sargability\n    .format(failed_to_run_query, not_found_index_in_response, result_mismatch))\nAssertionError: Found queries not runnable: [] or required index not found in the query resonse: [] or flex query and gsi query results not matching: [67]\n']</error>
	</testcase>
	<testcase name="tuqquery.flex_index_phase1.FlexIndexTests.test_flex_single_typemapping_2_fts_indexes,scan_consistency:NOT_BOUNDED,skip_load:True,items:1000,custom_map:True,cluster:D+F,index_type:scorch,fts_quota:750,custom_map_add_non_indexed_fields:False,text_analyzer:keyword,use_index_name_in_query:True,flex_query_option:flex_use_fts_gsi_query,ini:test.ini,cluster_name:test,spec:test,conf_file:test.conf,get-cbcollect-info:False,get-logs:False,stop-on-failure:False,num_nodes:1,case_number:7,logs_folder:/Users/girishbenakappa/IdeaProjects/testrunner/logs/testrunner-20-May-08_13-30-33/test_7" time="326.68666791915894">
		<error type="membase.error">['Traceback (most recent call last):\n  File &quot;pytests/tuqquery/flex_index_phase1.py&quot;, line 509, in test_flex_single_typemapping_2_fts_indexes\n    .format(failed_to_run_query, not_found_index_in_response, result_mismatch))\nAssertionError: Found queries not runnable: [] or required index not found in the query resonse: [] or flex query and gsi query results not matching: [69]\n']</error>
	</testcase>
</testsuite>
