<?xml version="1.0" ?>
<testsuite errors="1" failures="1" name="tuqquery.flex_index_phase1.FlexIndexTests" skip="0" tests="1" time="1945.5765371322632">
	<testcase name="tuqquery.flex_index_phase1.FlexIndexTests.test_flex_single_typemapping_2_fts_indexes,GROUP:PS,get-logs:False,stop-on-failure:False,doc-per-day:6,bucket_size:200,scan_consistency:NOT_BOUNDED,skip_load:True,items:1000,custom_map:True,get-cbcollect-info:False,disable_HTP:True,cluster:D+F,index_type:scorch,fts_quota:750,custom_map_add_non_indexed_fields:False,text_analyzer:keyword,use_index_name_in_query:False,skip_cleanup:False,ini:test.ini,cluster_name:test,spec:test,conf_file:test.conf,num_nodes:1,case_number:1,logs_folder:/Users/girishbenakappa/IdeaProjects/testrunner/logs/testrunner-20-Apr-30_22-36-29/test_1" time="1945.5765371322632">
		<error type="membase.error">['Traceback (most recent call last):\n  File &quot;pytests/tuqquery/flex_index_phase1.py&quot;, line 401, in test_flex_single_typemapping_2_fts_indexes\n  File &quot;pytests/tuqquery/flex_index_phase1.py&quot;, line 282, in run_queries_and_validate\n    expected_gsi_index = self.get_expected_indexes(flex_query, self.expected_gsi_index_map)\n  File &quot;pytests/tuqquery/flex_index_phase1.py&quot;, line 266, in get_expected_indexes\n    return expected_indexes\nAttributeError: \'dict\' object has no attribute \'append\'\n']</error>
	</testcase>
</testsuite>
