<?xml version="1.0" ?>
<testsuite errors="1" failures="1" name="tuqquery.flex_index_phase1.FlexIndexTests" skip="0" tests="1" time="129.63378167152405">
	<testcase name="tuqquery.flex_index_phase1.FlexIndexTests.test_flex_single_typemapping,scan_consistency:NOT_BOUNDED,skip_load:True,items:1000,bucket_size:200,cluster:D,D+F,F,index_type:scorch,fts_quota:750,custom_map_add_non_indexed_fields:False,text_analyzer:keyword,use_index_name_in_query:False,flex_query_option:flex_use_fts_gsi_query,custom_map:True,ini:test.ini,cluster_name:test,spec:test,conf_file:test.conf,get-cbcollect-info:False,get-logs:False,stop-on-failure:False,num_nodes:3,case_number:1,logs_folder:/Users/girishbenakappa/IdeaProjects/testrunner/logs/testrunner-20-May-04_20-22-23/test_1" time="129.63378167152405">
		<error type="membase.error">['Traceback (most recent call last):\n  File &quot;pytests/tuqquery/flex_index_phase1.py&quot;, line 388, in test_flex_single_typemapping\n    self.generate_random_queries(fts_index.smart_query_fields)\n  File &quot;pytests/tuqquery/flex_index_phase1.py&quot;, line 183, in generate_random_queries\n    fields=fts_index_fields)\n  File &quot;pytests/fts/random_query_generator/rand_query_gen.py&quot;, line 921, in __init__\n    self.construct_flex_queries()\n  File &quot;pytests/fts/random_query_generator/rand_query_gen.py&quot;, line 970, in construct_flex_queries\n    flex_query_predicate_list = eval(&quot;self.construct_flex_%s_query()&quot; % fieldname)\n  File &quot;&lt;string&gt;&quot;, line 1, in &lt;module&gt;\n  File &quot;pytests/fts/random_query_generator/rand_query_gen.py&quot;, line 983, in construct_flex_term_range_query\n    str1 = eval(&quot;self.get_queryable_%s_range&quot; % fieldname + &quot;()&quot;)\n  File &quot;&lt;string&gt;&quot;, line 1, in &lt;module&gt;\n  File &quot;pytests/fts/random_query_generator/emp_querables.py&quot;, line 30, in get_queryable_name_range\n    return &quot;%s %s&quot; %(self.get_random_value(sorted(FIRST_NAMES)[:delimit]), self.get_random_value(LAST_NAMES))\nTypeError: slice indices must be integers or None or have an __index__ method\n']</error>
	</testcase>
</testsuite>
