<?xml version="1.0" ?>
<testsuite errors="1" failures="1" name="tuqquery.flex_index_phase1.FlexIndexTests" skip="0" tests="1" time="118.17434287071228">
	<testcase name="tuqquery.flex_index_phase1.FlexIndexTests.test_flex_single_typemapping_partial_sargability,GROUP:PS,get-logs:False,stop-on-failure:False,doc-per-day:6,bucket_size:200,scan_consistency:NOT_BOUNDED,skip_load:True,items:1000,custom_map:True,get-cbcollect-info:False,disable_HTP:True,cluster:D+F,index_type:scorch,fts_quota:750,custom_map_add_non_indexed_fields:False,text_analyzer:keyword,use_index_name_in_query:False,ini:test.ini,cluster_name:test,spec:test,conf_file:test.conf,num_nodes:4,case_number:1,logs_folder:/Users/girishbenakappa/IdeaProjects/testrunner/logs/testrunner-20-Apr-28_15-29-30/test_1" time="118.17434287071228">
		<error type="membase.error">['Traceback (most recent call last):\n  File &quot;pytests/tuqquery/flex_index_phase1.py&quot;, line 325, in test_flex_single_typemapping_partial_sargability\n    .format(failed_to_run_query, not_found_index_in_response, result_mismatch))\nAssertionError: Found queries not runnable: [26, 27, 28, 29, 30, 38] or required index not found in the query resonse: [1, 2, 3, 4, 5, 6, 7, 8, 9, 10, 11, 12, 13, 14, 15, 17, 19, 20, 21, 24, 37, 39, 40, 42, 44, 48, 49, 51, 53, 59, 60, 61, 62, 63, 64, 65, 66, 67, 68, 69, 70] or flex query and gsi query results not matching: [16, 31, 32, 33, 34, 35, 36, 41, 43, 45, 54, 55, 56, 57, 58, 72, 73]\n']</error>
	</testcase>
</testsuite>
