<?xml version="1.0" ?>
<testsuite errors="1" failures="1" name="tuqquery.flex_index_phase1.FlexIndexTests" skip="0" tests="1" time="149.83715724945068">
	<testcase name="tuqquery.flex_index_phase1.FlexIndexTests.test_use_index_hint,test_name:fts_index_exists,GROUP:P1,get-logs:False,stop-on-failure:False,doc-per-day:6,bucket_size:200,scan_consistency:NOT_BOUNDED,ini:test.ini,cluster_name:test,spec:test,conf_file:test.conf,get-cbcollect-info:False,index_type:scorch,fts_quota:750,num_nodes:4,case_number:1,logs_folder:/Users/girishbenakappa/IdeaProjects/testrunner/logs/testrunner-20-Apr-13_12-22-35/test_1" time="149.83715724945068">
		<error type="membase.error">['Traceback (most recent call last):\n  File &quot;pytests/tuqquery/flex_index_phase1.py&quot;, line 105, in test_use_index_hint\n    self._create_fts_index(index_name=&quot;idx_beer_sample_fts&quot;, doc_count=7303, source_name=\'beer-sample\')\n  File &quot;pytests/tuqquery/flex_index_phase1.py&quot;, line 192, in _create_fts_index\n    fts_index = self.cbcluster.create_fts_index(name=index_name, source_name=source_name)\n  File &quot;./pytests/fts/fts_base.py&quot;, line 2142, in create_fts_index\n    source_uuid\n  File &quot;./pytests/fts/fts_base.py&quot;, line 563, in __init__\n    self.source_bucket = self.__cluster.get_bucket_by_name(source_name)\n  File &quot;./pytests/fts/fts_base.py&quot;, line 2238, in get_bucket_by_name\n    bucket_name)\nException: Bucket with name: beer-sample not found on the cluster\n']</error>
	</testcase>
</testsuite>
