<?xml version="1.0" ?>
<testsuite errors="1" failures="1" name="tuqquery.flex_index_phase1.FlexIndexTests" skip="0" tests="1" time="105.3504409790039">
	<testcase name="tuqquery.flex_index_phase1.FlexIndexTests.test_use_index_hint,test_name:fts_index_exists,GROUP:PS,get-logs:False,stop-on-failure:False,doc-per-day:6,bucket_size:200,scan_consistency:NOT_BOUNDED,skip_load:True,items:1000,custom_map:True,cm_id:0,num_queries:100,compare_es:True,get-cbcollect-info:False,disable_HTP:True,cluster:D+F,index_type:scorch,fts_quota:750,custom_map_add_non_indexed_fields:False,text_analyzer:keyword,ini:test.ini,cluster_name:test,spec:test,conf_file:test.conf,num_nodes:2,case_number:1,logs_folder:/Users/girishbenakappa/IdeaProjects/testrunner/logs/testrunner-20-Apr-22_10-05-02/test_1" time="105.3504409790039">
		<error type="membase.error">['Traceback (most recent call last):\n  File &quot;pytests/tuqquery/flex_index_phase1.py&quot;, line 168, in test_use_index_hint\n    .format(failed_to_run_query, not_found_index_in_response))\nAssertionError: Found queries not runnable: [26, 27, 28, 29, 30] or required index not found in the query resonse: []\n']</error>
	</testcase>
</testsuite>
