<?xml version="1.0" ?>
<testsuite errors="0" failures="0" name="2i.recovery_2i.SecondaryIndexingRecoveryTests" skip="0" tests="4" time="3146.15810561">
	<testcase name="2i.recovery_2i.SecondaryIndexingRecoveryTests.test_rebalance_in_out,doc-per-day:10,after:query_with_explain-query:verify_explain_result,GROUP:P1,gsi_type:memory_optimized,doc_ops:True,services_in:kv,nodes_in:1,reset_services:True,dataset:default,stop-on-failure:False,ini:test.ini,groups:simple,case_number:1,get-logs:False,in_between:query,create_ops_per:.5,num_nodes:7,nodes_init:4,before:create_index,delete_ops_per:.2,logs_folder:/Users/girishbenakappa/IdeaProjects/testrunner/logs/testrunner-19-Nov-13_12-21-17/test_1,spec:test,conf_file:test.conf,nodes_out:1,cluster_name:test,services_init:kv-kv-index-index:n1ql,targetMaster:True,EXCLUDE_GROUP:UNSTABLE,scan_consistency:NOT_BOUNDED,nodes_out_dist:kv:1,bucket_size:200" time="810.415315151"/>
	<testcase name="2i.recovery_2i.SecondaryIndexingRecoveryTests.test_rebalance_in_out,doc-per-day:10,after:query_with_explain-query:verify_explain_result,GROUP:P1,gsi_type:memory_optimized,doc_ops:True,services_in:kv,nodes_in:1,reset_services:True,dataset:default,stop-on-failure:False,ini:test.ini,groups:simple,case_number:2,get-logs:False,in_between:query,create_ops_per:.5,nodes_init:4,before:create_index,delete_ops_per:.2,logs_folder:/Users/girishbenakappa/IdeaProjects/testrunner/logs/testrunner-19-Nov-13_12-21-17/test_2,spec:test,conf_file:test.conf,num_nodes:7,cluster_name:test,services_init:n1ql:kv-kv-index-index,nodes_out:1,EXCLUDE_GROUP:UNSTABLE,scan_consistency:NOT_BOUNDED,nodes_out_dist:kv:1,bucket_size:200" time="789.836573124"/>
	<testcase name="2i.recovery_2i.SecondaryIndexingRecoveryTests.test_rebalance_in_out_multi_nodes,doc-per-day:10,after:query_with_explain-query:verify_explain_result,GROUP:P1,gsi_type:memory_optimized,doc_ops:True,targetMaster:True,nodes_in:2,reset_services:True,dataset:default,stop-on-failure:False,ini:test.ini,groups:simple,case_number:3,get-logs:False,in_between:query,EXCLUDE_GROUP:UNSTABLE,nodes_init:5,before:create_index,delete_ops_per:.2,create_ops_per:.5,spec:test,conf_file:test.conf,num_nodes:7,cluster_name:test,services_init:kv-kv-n1ql-index-index,scan_consistency:NOT_BOUNDED,logs_folder:/Users/girishbenakappa/IdeaProjects/testrunner/logs/testrunner-19-Nov-13_12-21-17/test_3,bucket_size:200" time="776.387904167"/>
	<testcase name="2i.recovery_2i.SecondaryIndexingRecoveryTests.test_rebalance_in_out_multi_nodes,doc-per-day:10,after:query_with_explain-query:verify_explain_result,GROUP:P1,gsi_type:memory_optimized,doc_ops:True,nodes_in:2,reset_services:True,dataset:default,stop-on-failure:False,ini:test.ini,groups:simple,case_number:4,get-logs:False,in_between:query,EXCLUDE_GROUP:UNSTABLE,nodes_init:5,before:create_index,delete_ops_per:.2,create_ops_per:.5,spec:test,conf_file:test.conf,num_nodes:7,cluster_name:test,services_init:kv-kv-n1ql-index-index,scan_consistency:NOT_BOUNDED,logs_folder:/Users/girishbenakappa/IdeaProjects/testrunner/logs/testrunner-19-Nov-13_12-21-17/test_4,bucket_size:200" time="769.518313169"/>
</testsuite>
