<?xml version="1.0" ?>
<testsuite errors="2" failures="2" name="tuqquery.flex_index_phase1.FlexIndexTests" skip="0" tests="2" time="232.83804488182068">
	<testcase name="tuqquery.flex_index_phase1.FlexIndexTests.test_flex_single_typemapping_comp_ops,test_name:fts_index_exists,GROUP:PS,get-logs:False,stop-on-failure:False,doc-per-day:6,bucket_size:200,scan_consistency:NOT_BOUNDED,skip_load:True,items:1000,custom_map:True,get-cbcollect-info:False,disable_HTP:True,cluster:D+F,index_type:scorch,fts_quota:750,custom_map_add_non_indexed_fields:False,text_analyzer:keyword,ini:test.ini,cluster_name:test,spec:test,conf_file:test.conf,num_nodes:1,case_number:1,logs_folder:/Users/girishbenakappa/IdeaProjects/testrunner/logs/testrunner-20-Apr-23_13-38-00/test_1" time="196.29522919654846">
		<error type="membase.error">['Traceback (most recent call last):\n  File &quot;pytests/tuqquery/flex_index_phase1.py&quot;, line 204, in test_flex_single_typemapping_comp_ops\n    .format(failed_to_run_query, not_found_index_in_response, result_mismatch))\nAssertionError: Found queries not runnable: [41, 42, 43, 44, 45] or required index not found in the query resonse: [1, 26] or flex query and gsi query results not matching: [4, 5, 7, 8, 10, 11, 13, 15, 16, 17, 18, 19, 20, 21, 22, 23, 32, 33, 34, 35, 36, 37, 38, 39, 40]\n']</error>
	</testcase>
	<testcase name="tuqquery.flex_index_phase1.FlexIndexTests.test_flex_single_typemapping_comp_ops,test_name:fts_index_exists,GROUP:PS,get-logs:False,stop-on-failure:False,doc-per-day:6,bucket_size:200,scan_consistency:NOT_BOUNDED,skip_load:True,items:1000,custom_map:True,get-cbcollect-info:False,disable_HTP:True,cluster:D+F,index_type:scorch,fts_quota:750,custom_map_add_non_indexed_fields:False,text_analyzer:keyword,cm_id:1,ini:test.ini,cluster_name:test,spec:test,conf_file:test.conf,num_nodes:1,case_number:2,logs_folder:/Users/girishbenakappa/IdeaProjects/testrunner/logs/testrunner-20-Apr-23_13-38-00/test_2" time="36.54281568527222">
		<error type="membase.error">['Traceback (most recent call last):\n  File &quot;pytests/tuqquery/flex_index_phase1.py&quot;, line 198, in test_flex_single_typemapping_comp_ops\n    self.generate_random_queries(fts_index)\n  File &quot;pytests/tuqquery/flex_index_phase1.py&quot;, line 129, in generate_random_queries\n    fields=fts_index.smart_query_fields)\n  File &quot;pytests/fts/random_query_generator/rand_query_gen.py&quot;, line 916, in __init__\n    self.check_for_array_fields(fields)\n  File &quot;pytests/fts/random_query_generator/rand_query_gen.py&quot;, line 929, in check_for_array_fields\n    for text_field in fields[\'text\']:\nKeyError: \'text\'\n']</error>
	</testcase>
</testsuite>
