<?xml version="1.0" ?>
<testsuite errors="1" failures="1" name="fts.stable_topology_fts.StableTopFTS" skip="0" tests="1" time="28.2927060127">
	<testcase name="fts.stable_topology_fts.StableTopFTS.test_sort_geo_query,num_queries:100,skip-cleanup:True,compare_es:True,items:1000,conf_file:test.conf,num_nodes:1,cluster_name:test,cluster:D+F,ini:test.ini,case_number:1,fail-on-errors:False,logs_folder:/Users/girishbenakappa/IdeaProjects/testrunner/logs/testrunner-19-Jun-12_14-52-58/test_1,spec:test" time="28.2927060127">
		<error type="membase.error">['Traceback (most recent call last):\n  File &quot;pytests/fts/stable_topology_fts.py&quot;, line 1729, in test_sort_geo_query\n    geo_index = self.create_geo_index_and_load()\n  File &quot;pytests/fts/fts_base.py&quot;, line 4067, in create_geo_index_and_load\n    geo_index.create()\n  File &quot;pytests/fts/fts_base.py&quot;, line 897, in create\n    rest = RestConnection(self.__cluster.get_random_fts_node())\n  File &quot;pytests/fts/fts_base.py&quot;, line 1764, in get_random_fts_node\n    raise FTSException(&quot;No node in the cluster has \'fts\' service&quot;\nFTSException: No node in the cluster has \'fts\' service enabled\n']</error>
	</testcase>
</testsuite>
