<?xml version="1.0" ?>
<testsuite errors="2" failures="2" name="tuqquery.flex_index_phase1.FlexIndexTests" skip="0" tests="2" time="608.2006330490112">
	<testcase name="tuqquery.flex_index_phase1.FlexIndexTests.test_flex_single_typemapping_2_fts_indexes,GROUP:P1,scan_consistency:NOT_BOUNDED,skip_load:True,items:1000,custom_map:True,cluster:D+F,index_type:scorch,fts_quota:750,custom_map_add_non_indexed_fields:False,text_analyzer:keyword,use_index_name_in_query:True,flex_query_option:flex_use_fts_gsi_query,ini:test.ini,cluster_name:test,spec:test,conf_file:test.conf,get-cbcollect-info:False,get-logs:False,stop-on-failure:False,num_nodes:1,case_number:1,logs_folder:/Users/girishbenakappa/IdeaProjects/testrunner/logs/testrunner-20-May-01_13-42-26/test_1" time="348.1945860385895">
		<error type="membase.error">['Traceback (most recent call last):\n  File &quot;pytests/tuqquery/flex_index_phase1.py&quot;, line 441, in test_flex_single_typemapping_2_fts_indexes\n    .format(failed_to_run_query, not_found_index_in_response, result_mismatch))\nAssertionError: Found queries not runnable: [] or required index not found in the query resonse: [63, 64, 66, 67, 71] or flex query and gsi query results not matching: [2, 3, 4, 22, 33, 35, 37, 40, 41, 47, 48, 49, 50, 57]\n']</error>
	</testcase>
	<testcase name="tuqquery.flex_index_phase1.FlexIndexTests.test_flex_single_typemapping_2_fts_indexes,GROUP:P1,scan_consistency:NOT_BOUNDED,skip_load:True,items:1000,custom_map:True,cluster:D+F,index_type:scorch,fts_quota:750,custom_map_add_non_indexed_fields:False,text_analyzer:keyword,use_index_name_in_query:False,flex_query_option:flex_use_fts_gsi_query,ini:test.ini,cluster_name:test,spec:test,conf_file:test.conf,get-cbcollect-info:False,get-logs:False,stop-on-failure:False,num_nodes:1,case_number:2,logs_folder:/Users/girishbenakappa/IdeaProjects/testrunner/logs/testrunner-20-May-01_13-42-26/test_2" time="260.00604701042175">
		<error type="membase.error">['Traceback (most recent call last):\n  File &quot;pytests/tuqquery/flex_index_phase1.py&quot;, line 434, in test_flex_single_typemapping_2_fts_indexes\n    self.create_gsi_indexes(gsi_fields)\n  File &quot;pytests/tuqquery/flex_index_phase1.py&quot;, line 228, in create_gsi_indexes\n    self.run_cbq_query(&quot;create index {0} on default({1})&quot;.format(gsi_index_name, field))\n  File &quot;pytests/tuqquery/tuq.py&quot;, line 1104, in run_cbq_query\n    raise CBQError(result, server.ip)\nmembase.api.exception.CBQError: CBQError: host 172.23.121.68: ERROR:{\'requestID\': \'b1069c9e-a96d-437f-b0d6-eff9af2ba4fc\', \'errors\': [{\'code\': 4300, \'msg\': \'The index gsi_index_0 already exists.\'}], \'status\': \'fatal\', \'metrics\': {\'elapsedTime\': \'462.435µs\', \'executionTime\': \'425.77µs\', \'resultCount\': 0, \'resultSize\': 0, \'errorCount\': 1}}\n']</error>
	</testcase>
</testsuite>
