<?xml version="1.0" ?>
<testsuite errors="1" failures="1" name="tuqquery.flex_index_phase1.FlexIndexTests" skip="0" tests="1" time="232.51665830612183">
	<testcase name="tuqquery.flex_index_phase1.FlexIndexTests.test_use_index_hint,test_name:fts_index_exists,GROUP:PS,get-logs:False,stop-on-failure:False,doc-per-day:6,bucket_size:200,scan_consistency:NOT_BOUNDED,skip_load:True,items:1000,custom_map:True,cm_id:0,num_queries:100,compare_es:True,get-cbcollect-info:False,disable_HTP:True,cluster:D+F,index_type:scorch,fts_quota:750,custom_map_add_non_indexed_fields:False,text_analyzer:keyword,ini:test.ini,cluster_name:test,spec:test,conf_file:test.conf,num_nodes:2,case_number:1,logs_folder:/Users/girishbenakappa/IdeaProjects/testrunner/logs/testrunner-20-Apr-22_08-20-05/test_1" time="232.51665830612183">
		<error type="membase.error">['Traceback (most recent call last):\n  File &quot;pytests/tuqquery/flex_index_phase1.py&quot;, line 144, in test_use_index_hint\n    failed_queries = self.run_queries_and_validate()\n  File &quot;pytests/tuqquery/flex_index_phase1.py&quot;, line 131, in run_queries_and_validate\n    result = self.run_cbq_query(explain_query)\n  File &quot;pytests/tuqquery/tuq.py&quot;, line 1104, in run_cbq_query\n    raise CBQError(result, server.ip)\nmembase.api.exception.CBQError: CBQError: host 172.23.121.65: ERROR:{\'requestID\': \'1acbff73-c611-4076-9d64-78201c3f3ef7\', \'errors\': [{\'code\': 5000, \'msg\': \'n1fty: SargableFlex Sargable - cause: unsupported datetime format (not RFC3339)\'}], \'status\': \'fatal\', \'metrics\': {\'elapsedTime\': \'2.020431ms\', \'executionTime\': \'1.987734ms\', \'resultCount\': 0, \'resultSize\': 0, \'errorCount\': 1}}\n']</error>
	</testcase>
</testsuite>
