<?xml version="1.0" ?>
<testsuite errors="1" failures="1" name="tuqquery.flex_index_phase1.FlexIndexTests" skip="0" tests="1" time="107.75889587402344">
	<testcase name="tuqquery.flex_index_phase1.FlexIndexTests.test_use_index_hint,test_name:fts_index_exists,GROUP:P1,get-logs:False,stop-on-failure:False,doc-per-day:6,bucket_size:200,scan_consistency:NOT_BOUNDED,dataset:employee-flex,skip_load:True,ini:test.ini,cluster_name:test,spec:test,conf_file:test.conf,get-cbcollect-info:False,index_type:scorch,fts_quota:750,num_nodes:4,case_number:1,logs_folder:/Users/girishbenakappa/IdeaProjects/testrunner/logs/testrunner-20-Apr-20_10-21-09/test_1" time="107.75889587402344">
		<error type="membase.error">['Traceback (most recent call last):\n  File &quot;pytests/tuqquery/flex_index_phase1.py&quot;, line 22, in setUp\n    super(FlexIndexTests, self).setUp()\n  File &quot;pytests/tuqquery/tuq.py&quot;, line 89, in setUp\n    self.gens_load = self.gen_docs(self.docs_per_day)\n  File &quot;pytests/tuqquery/tuq.py&quot;, line 788, in gen_docs\n    self.fail(&quot;There is no dataset %s, please enter a valid one&quot; % self.dataset)\nAssertionError: There is no dataset employee-flex, please enter a valid one\n']</error>
	</testcase>
</testsuite>
